======================================================
DFrepair 1.0
 The following options are in use for this session:
  LogFile      : C:\DNS_TMP\VDFRepair.log.
  Verbose      : ON.
  Repair       : ON.
  Cleanup      : OFF.
  Bare         : OFF.
  Reclaim      : OFF.
  Condense     : OFF.
 Index options:
  BadDataFlag  : FILE.
  DupDataFlag  : FILE.
  MaxSortBuffer: NOT SET.
======================================================

**********************************************************************
C:\DNS_TMP\tmpplayd.dat
Analyzing...
                                 Reported -   Analyzed
======================================================
Total record (used + deleted):        282 -        282
Number of used records       :        282 -        282
Number of deleted records    :          0 -          0
Physical size                :      32050 -      32050

Attributes of interest
======================================================
DF_FILE_RECORD_LENGTH  : 102
DF_FILE_REUSE_DELETED  : 1
DF_FILE_REVISION       : 3.0
DF_FILE_INTEGRITY_CHECK: 1
DF_FILE_COMPRESSION    : 0
======================================================
Time spend on table C:\DNS_TMP\tmpplayd.dat: 00:00:00.
**********************************************************************
C:\DNS_TMP\tmpplayl.dat
Analyzing...
                                 Reported -   Analyzed
======================================================
Total record (used + deleted):        161 -        161
Number of used records       :        161 -        161
Number of deleted records    :          0 -          0
Physical size                :     355584 -     355584

Attributes of interest
======================================================
DF_FILE_RECORD_LENGTH  : 2176
DF_FILE_REUSE_DELETED  : 1
DF_FILE_REVISION       : 3.0
DF_FILE_INTEGRITY_CHECK: 1
DF_FILE_COMPRESSION    : 0
======================================================
Time spend on table C:\DNS_TMP\tmpplayl.dat: 00:00:00.
======================================================
Summary information
  Logged to C:\DNS_TMP\VDFRepair.log
  Total files tested        : 2
  Total files needing repair: 0
  Total files repaired      : 0
======================================================
