ERROR: 54 Invalid symbol in expression DVINTERNETHANGUP ON LINE: 149 (38338) OF FILE: L:\Vdf6\Develop\Empor\AppSrc\VWSAP.VW
ERROR: 54 Invalid symbol in expression DVFTPGETFILE ON LINE: 175 (38356) OF FILE: L:\Vdf6\Develop\Empor\AppSrc\VWSAP.VW
ERROR: 54 Invalid symbol in expression DVFTPPUTFILE ON LINE: 191 (38367) OF FILE: L:\Vdf6\Develop\Empor\AppSrc\VWSAP.VW
ERROR: 54 Invalid symbol in expression DVGETSERVERMSG ON LINE: 202 (38377) OF FILE: L:\Vdf6\Develop\Empor\AppSrc\VWSAP.VW
ERROR: 54 Invalid symbol in expression GSVIEWNAME ON LINE: 19 (40385) OF FILE: C:\VDF6.SUB\SUBCLASS\DBVIEWS.SUB
ERROR: 54 Invalid symbol in expression GSVIEWNAME ON LINE: 20 (40391) OF FILE: C:\VDF6.SUB\SUBCLASS\DBVIEWS.SUB
ERROR: 54 Invalid symbol in expression GSVIEWNAME ON LINE: 22 (40395) OF FILE: C:\VDF6.SUB\SUBCLASS\DBVIEWS.SUB
ERROR: 4345 Type check error GSVIEWNAME, GSVIEWNAME,  ON LINE: 22 (40395) OF FILE: C:\VDF6.SUB\SUBCLASS\DBVIEWS.SUB
ERROR: 4328 Undefined symbol in argument GSVIEWNAME ON LINE: 22 (40395) OF FILE: C:\VDF6.SUB\SUBCLASS\DBVIEWS.SUB
ERROR: 54 Invalid symbol in expression GSVIEWNAME ON LINE: 23 (40396) OF FILE: C:\VDF6.SUB\SUBCLASS\DBVIEWS.SUB
ERROR: 4345 Type check error GSVIEWNAME, GSVIEWNAME,  ON LINE: 23 (40396) OF FILE: C:\VDF6.SUB\SUBCLASS\DBVIEWS.SUB
ERROR: 4328 Undefined symbol in argument GSVIEWNAME ON LINE: 23 (40396) OF FILE: C:\VDF6.SUB\SUBCLASS\DBVIEWS.SUB
ERROR: 54 Invalid symbol in expression GSVIEWNAME ON LINE: 25 (40397) OF FILE: C:\VDF6.SUB\SUBCLASS\DBVIEWS.SUB
ERROR: 300 INVALID OBJECT REFERENCE ON LINE: 39 (40406) OF FILE: C:\VDF6.SUB\SUBCLASS\DBVIEWS.SUB
ERROR: 4328 Undefined symbol in argument GSVIEWNAME ON LINE: 43 (40408) OF FILE: C:\VDF6.SUB\SUBCLASS\DBVIEWS.SUB
ERROR: 4328 Undefined symbol in argument GIVIEWID ON LINE: 47 (40413) OF FILE: C:\VDF6.SUB\SUBCLASS\DBVIEWS.SUB
ERROR: 54 Invalid symbol in expression SYSRECW.WMOVES_REC0 ON LINE: 532 (41558) OF FILE: L:\Vdf6\Develop\Empor\AppSrc\VSAPDOMIKH.VW
ERROR: 54 Invalid symbol in expression CTYPKIN.SUB ON LINE: 692 (41733) OF FILE: L:\Vdf6\Develop\Empor\AppSrc\VSAPDOMIKH.VW
ERROR: 4328 Undefined symbol in argument BAXIO.BAXIO_HMNIAL ON LINE: 749 (41820) OF FILE: L:\Vdf6\Develop\Empor\AppSrc\VSAPDOMIKH.VW
ERROR: 4328 Undefined symbol in argument BAXIO.BAXIO_BANKA ON LINE: 760 (41824) OF FILE: L:\Vdf6\Develop\Empor\AppSrc\VSAPDOMIKH.VW
ERROR: 54 Invalid symbol in expression BAXIO.BAXIO_BANKA ON LINE: 762 (41826) OF FILE: L:\Vdf6\Develop\Empor\AppSrc\VSAPDOMIKH.VW
ERROR: 54 Invalid symbol in expression BAXIO.BAXIO_BANKA ON LINE: 766 (41830) OF FILE: L:\Vdf6\Develop\Empor\AppSrc\VSAPDOMIKH.VW
ERROR: 54 Invalid symbol in expression BAXIO.BAXIO_BANKA ON LINE: 767 (41833) OF FILE: L:\Vdf6\Develop\Empor\AppSrc\VSAPDOMIKH.VW
ERROR: 4328 Undefined symbol in argument BAXIO.BAXIO_BANKA ON LINE: 770 (41836) OF FILE: L:\Vdf6\Develop\Empor\AppSrc\VSAPDOMIKH.VW
ERROR: 54 Invalid symbol in expression BAXIO.BAXIO_EKDOTHSE ON LINE: 783 (41844) OF FILE: L:\Vdf6\Develop\Empor\AppSrc\VSAPDOMIKH.VW
ERROR: 54 Invalid symbol in expression BAXIO.BAXIO_NO ON LINE: 784 (41845) OF FILE: L:\Vdf6\Develop\Empor\AppSrc\VSAPDOMIKH.VW
ERROR: 54 Invalid symbol in expression BAXIO.BAXIO_FROM ON LINE: 786 (41847) OF FILE: L:\Vdf6\Develop\Empor\AppSrc\VSAPDOMIKH.VW
ERROR: 54 Invalid symbol in expression BAXIO.BAXIO_FROM ON LINE: 787 (41850) OF FILE: L:\Vdf6\Develop\Empor\AppSrc\VSAPDOMIKH.VW
ERROR: 54 Invalid symbol in expression BAXIO.BAXIO_FROM ON LINE: 788 (41854) OF FILE: L:\Vdf6\Develop\Empor\AppSrc\VSAPDOMIKH.VW
ERROR: 54 Invalid symbol in expression BAXIO.BAXIO_TOPOS ON LINE: 790 (41858) OF FILE: L:\Vdf6\Develop\Empor\AppSrc\VSAPDOMIKH.VW
ERROR: 54 Invalid symbol in expression BAXIO.BAXIO_TOPOS ON LINE: 791 (41861) OF FILE: L:\Vdf6\Develop\Empor\AppSrc\VSAPDOMIKH.VW
ERROR: 54 Invalid symbol in expression BAXIO.BAXIO_TOPOS ON LINE: 792 (41865) OF FILE: L:\Vdf6\Develop\Empor\AppSrc\VSAPDOMIKH.VW
ERROR: 4328 Undefined symbol in argument BAXIO.BAXIO_EKDOTHSE ON LINE: 794 (41871) OF FILE: L:\Vdf6\Develop\Empor\AppSrc\VSAPDOMIKH.VW
ERROR: 4328 Undefined symbol in argument BAXIO.BAXIO_SEDIATAGH ON LINE: 795 (41872) OF FILE: L:\Vdf6\Develop\Empor\AppSrc\VSAPDOMIKH.VW
ERROR: 54 Invalid symbol in expression PTYPPAR.SAP ON LINE: 1045 (42142) OF FILE: L:\Vdf6\Develop\Empor\AppSrc\VSAPDOMIKH.VW
ERROR: 54 Invalid symbol in expression PTYPPAR.PTYPPAR_DESCR ON LINE: 1050 (42148) OF FILE: L:\Vdf6\Develop\Empor\AppSrc\VSAPDOMIKH.VW
ERROR: 54 Invalid symbol in expression PTYPPAR.PTYPPAR_CODE ON LINE: 1051 (42149) OF FILE: L:\Vdf6\Develop\Empor\AppSrc\VSAPDOMIKH.VW
ERROR: 54 Invalid symbol in expression PTYPPAR.SUB ON LINE: 1054 (42152) OF FILE: L:\Vdf6\Develop\Empor\AppSrc\VSAPDOMIKH.VW
ERROR: 54 Invalid symbol in expression PTYPPAR.PTYPPAR_CODE ON LINE: 1071 (42180) OF FILE: L:\Vdf6\Develop\Empor\AppSrc\VSAPDOMIKH.VW
ERROR: 4328 Undefined symbol in argument PTYPPAR.SAP ON LINE: 1306 (42406) OF FILE: L:\Vdf6\Develop\Empor\AppSrc\VSAPDOMIKH.VW
ERROR: 54 Invalid symbol in expression DPDLGSHOW ON LINE: 3673 (45011) OF FILE: L:\Vdf6\Develop\Empor\AppSrc\VSAPDOMIKH.VW
ERROR: 4345 Type check error U_OLEDPDLG, U_OLEDPDLG, U ON LINE: 3750 (45057) OF FILE: L:\Vdf6\Develop\Empor\AppSrc\VSAPDOMIKH.VW
ERROR: 4328 Undefined symbol in argument U_OLEDPDLG ON LINE: 3750 (45057) OF FILE: L:\Vdf6\Develop\Empor\AppSrc\VSAPDOMIKH.VW
ERROR: 4306 Forward reference not resolved  MSG_CHANGEALLFILEMODES ON LINE: 420 (38524) OF FILE: L:\Vdf6\Develop\Empor\AppSrc\VWSAP.VW
ERROR: 4306 Forward reference not resolved  MSG_CHANGEALLFILEMODES ON LINE: 457 (38571) OF FILE: L:\Vdf6\Develop\Empor\AppSrc\VWSAP.VW
ERROR: 4306 Forward reference not resolved  MSG_GSVIEWNAME ON LINE: 15 (40381) OF FILE: C:\VDF6.SUB\SUBCLASS\DBVIEWS.SUB
ERROR: 4306 Forward reference not resolved  MSG_GIVIEWID ON LINE: 16 (40382) OF FILE: C:\VDF6.SUB\SUBCLASS\DBVIEWS.SUB
ERROR: 4306 Forward reference not resolved  MSG_GIVIEWID ON LINE: 26 (40397) OF FILE: C:\VDF6.SUB\SUBCLASS\DBVIEWS.SUB
ERROR: 4306 Forward reference not resolved  MSG_GSVIEWNAME ON LINE: 37 (40403) OF FILE: C:\VDF6.SUB\SUBCLASS\DBVIEWS.SUB
ERROR: 4306 Forward reference not resolved  MSG_GIVIEWID ON LINE: 38 (40404) OF FILE: C:\VDF6.SUB\SUBCLASS\DBVIEWS.SUB
ERROR: 4306 Forward reference not resolved  GET_DPDLGPATH ON LINE: 3674 (45011) OF FILE: L:\Vdf6\Develop\Empor\AppSrc\VSAPDOMIKH.VW
ERROR: 4306 Forward reference not resolved  SET_DPDLGROOT ON LINE: 3759 (45067) OF FILE: L:\Vdf6\Develop\Empor\AppSrc\VSAPDOMIKH.VW
