ERROR: 54 Invalid symbol in expression FSLOGINUSERID ON LINE: 65 (30080) OF FILE: C:\VDF6\VDF6.SUB\SUBCLASS\DD_SEC.SUB
ERROR: 54 Invalid symbol in expression SYSCURXR.YEAR_XRHSHFROM ON LINE: 38 (30655) OF FILE: u:\Vdf6\Develop\Empor\DDSrc\WCMOVES.DD
ERROR: 4328 Undefined symbol in argument SYSCURXR.COMPANY_CODE ON LINE: 108 (30734) OF FILE: u:\Vdf6\Develop\Empor\DDSrc\WCMOVES.DD
ERROR: 4328 Undefined symbol in argument SYSCURXR.BRANCH_CODE ON LINE: 109 (30735) OF FILE: u:\Vdf6\Develop\Empor\DDSrc\WCMOVES.DD
ERROR: 4328 Undefined symbol in argument SYSCURXR.YEAR_YEAR ON LINE: 110 (30736) OF FILE: u:\Vdf6\Develop\Empor\DDSrc\WCMOVES.DD
ERROR: 4328 Undefined symbol in argument WAPOKAT.WAPOKAT_CODE ON LINE: 111 (30737) OF FILE: u:\Vdf6\Develop\Empor\DDSrc\WCMOVES.DD
ERROR: 4328 Undefined symbol in argument WAPOMAST.WAPOMAST_CODE ON LINE: 112 (30738) OF FILE: u:\Vdf6\Develop\Empor\DDSrc\WCMOVES.DD
ERROR: 4328 Undefined symbol in argument WITEMKAT.WITEMKAT_CODE ON LINE: 114 (30740) OF FILE: u:\Vdf6\Develop\Empor\DDSrc\WCMOVES.DD
ERROR: 4328 Undefined symbol in argument UNITS.UNITS_CODE ON LINE: 115 (30741) OF FILE: u:\Vdf6\Develop\Empor\DDSrc\WCMOVES.DD
ERROR: 4328 Undefined symbol in argument ITEM.ITEM_CODE ON LINE: 116 (30742) OF FILE: u:\Vdf6\Develop\Empor\DDSrc\WCMOVES.DD
ERROR: 54 Invalid symbol in expression SYSCURXR.BRANCH_SITE ON LINE: 126 (30755) OF FILE: u:\Vdf6\Develop\Empor\DDSrc\WCMOVES.DD
ERROR: 4328 Undefined symbol in argument SYSCURXR.COMPANY_CODE ON LINE: 151 (30774) OF FILE: u:\Vdf6\Develop\Empor\DDSrc\WCMOVES.DD
ERROR: 4328 Undefined symbol in argument SYSCURXR.BRANCH_CODE ON LINE: 152 (30775) OF FILE: u:\Vdf6\Develop\Empor\DDSrc\WCMOVES.DD
ERROR: 4328 Undefined symbol in argument SYSCURXR.YEAR_YEAR ON LINE: 153 (30776) OF FILE: u:\Vdf6\Develop\Empor\DDSrc\WCMOVES.DD
ERROR: 4328 Undefined symbol in argument WAPOKAT.WAPOKAT_CODE ON LINE: 155 (30778) OF FILE: u:\Vdf6\Develop\Empor\DDSrc\WCMOVES.DD
ERROR: 4328 Undefined symbol in argument WAPOMAST.WAPOMAST_CODE ON LINE: 156 (30779) OF FILE: u:\Vdf6\Develop\Empor\DDSrc\WCMOVES.DD
ERROR: 4328 Undefined symbol in argument WITEMKAT.WITEMKAT_CODE ON LINE: 158 (30781) OF FILE: u:\Vdf6\Develop\Empor\DDSrc\WCMOVES.DD
ERROR: 4328 Undefined symbol in argument UNITS.UNITS_CODE ON LINE: 159 (30782) OF FILE: u:\Vdf6\Develop\Empor\DDSrc\WCMOVES.DD
ERROR: 4328 Undefined symbol in argument ITEM.ITEM_CODE ON LINE: 160 (30783) OF FILE: u:\Vdf6\Develop\Empor\DDSrc\WCMOVES.DD
ERROR: 4328 Undefined symbol in argument SYSCURXR.C_CODE0 ON LINE: 167 (30791) OF FILE: u:\Vdf6\Develop\Empor\DDSrc\WCMOVES.DD
ERROR: 54 Invalid symbol in expression SYSCURXR.BRANCH_SITE ON LINE: 203 (30806) OF FILE: u:\Vdf6\Develop\Empor\DDSrc\WCMOVES.DD
ERROR: 4328 Undefined symbol in argument SYSCURXR.C_CODE0 ON LINE: 204 (30809) OF FILE: u:\Vdf6\Develop\Empor\DDSrc\WCMOVES.DD
ERROR: 54 Invalid symbol in expression OCALENDAR ON LINE: 417 (33987) OF FILE: C:\Vdf6\Develop\Empor\AppSrc\R26_2.RV
ERROR: 54 Invalid symbol in expression OCALENDAR ON LINE: 437 (33998) OF FILE: C:\Vdf6\Develop\Empor\AppSrc\R26_2.RV
