ERROR: 4298 Command not found EXTERNAL_FUNCTION ON LINE: 63 (2) OF FILE: C:\VDF6\Develop\Empor\AppSrc\FindRelatedFiles.VW
ERROR: 4298 Command not found EXTERNAL_FUNCTION ON LINE: 71 (2) OF FILE: C:\VDF6\Develop\Empor\AppSrc\FindRelatedFiles.VW
ERROR: 4298 Command not found TYPE ON LINE: 73 (2) OF FILE: C:\VDF6\Develop\Empor\AppSrc\FindRelatedFiles.VW
ERROR: 4298 Command not found FIELD ON LINE: 74 (2) OF FILE: C:\VDF6\Develop\Empor\AppSrc\FindRelatedFiles.VW
ERROR: 4298 Command not found END_TYPE ON LINE: 75 (2) OF FILE: C:\VDF6\Develop\Empor\AppSrc\FindRelatedFiles.VW
ERROR: 4345 Type check error POINTER, POINTER,  ON LINE: 80 (4) OF FILE: C:\VDF6\Develop\Empor\AppSrc\FindRelatedFiles.VW
ERROR: 4345 Type check error POINTER, POINTER,  ON LINE: 82 (4) OF FILE: C:\VDF6\Develop\Empor\AppSrc\FindRelatedFiles.VW
ERROR: 4298 Command not found GETADDRESS ON LINE: 85 (5) OF FILE: C:\VDF6\Develop\Empor\AppSrc\FindRelatedFiles.VW
ERROR: 54 Invalid symbol in expression __VSDWSIZEGETCOMPUTERNAME_SIZE ON LINE: 86 (5) OF FILE: C:\VDF6\Develop\Empor\AppSrc\FindRelatedFiles.VW
ERROR: 4298 Command not found PUT ON LINE: 87 (6) OF FILE: C:\VDF6\Develop\Empor\AppSrc\FindRelatedFiles.VW
ERROR: 4298 Command not found GETADDRESS ON LINE: 88 (6) OF FILE: C:\VDF6\Develop\Empor\AppSrc\FindRelatedFiles.VW
ERROR: 54 Invalid symbol in expression WIN32_GETCOMPUTERNAME ON LINE: 89 (6) OF FILE: C:\VDF6\Develop\Empor\AppSrc\FindRelatedFiles.VW
ERROR: 54 Invalid symbol in expression CSTRING ON LINE: 91 (7) OF FILE: C:\VDF6\Develop\Empor\AppSrc\FindRelatedFiles.VW
ERROR: 4345 Type check error POINTER, POINTER,  ON LINE: 98 (15) OF FILE: C:\VDF6\Develop\Empor\AppSrc\FindRelatedFiles.VW
ERROR: 4298 Command not found GETADDRESS ON LINE: 101 (16) OF FILE: C:\VDF6\Develop\Empor\AppSrc\FindRelatedFiles.VW
ERROR: 54 Invalid symbol in expression WIN32_WNETGETUSER ON LINE: 102 (16) OF FILE: C:\VDF6\Develop\Empor\AppSrc\FindRelatedFiles.VW
ERROR: 54 Invalid symbol in expression CSTRING ON LINE: 104 (17) OF FILE: C:\VDF6\Develop\Empor\AppSrc\FindRelatedFiles.VW
ERROR: 4298 Command not found DEFERRED_VIEW ON LINE: 121 (4931) OF FILE: C:\VDF6\Develop\Empor\AppSrc\FindRelatedFiles.VW
ERROR: 302 PROPERTY CAN ONLY BE DEFINED WITHIN A CLASS OR OBJECT ON LINE: 124 (4931) OF FILE: C:\VDF6\Develop\Empor\AppSrc\FindRelatedFiles.VW
ERROR: 302 PROPERTY CAN ONLY BE DEFINED WITHIN A CLASS OR OBJECT ON LINE: 125 (4932) OF FILE: C:\VDF6\Develop\Empor\AppSrc\FindRelatedFiles.VW
ERROR: 302 PROPERTY CAN ONLY BE DEFINED WITHIN A CLASS OR OBJECT ON LINE: 126 (4933) OF FILE: C:\VDF6\Develop\Empor\AppSrc\FindRelatedFiles.VW
ERROR: 302 PROPERTY CAN ONLY BE DEFINED WITHIN A CLASS OR OBJECT ON LINE: 127 (4934) OF FILE: C:\VDF6\Develop\Empor\AppSrc\FindRelatedFiles.VW
ERROR: 302 PROPERTY CAN ONLY BE DEFINED WITHIN A CLASS OR OBJECT ON LINE: 128 (4935) OF FILE: C:\VDF6\Develop\Empor\AppSrc\FindRelatedFiles.VW
ERROR: 302 PROPERTY CAN ONLY BE DEFINED WITHIN A CLASS OR OBJECT ON LINE: 129 (4936) OF FILE: C:\VDF6\Develop\Empor\AppSrc\FindRelatedFiles.VW
ERROR: 302 PROPERTY CAN ONLY BE DEFINED WITHIN A CLASS OR OBJECT ON LINE: 130 (4937) OF FILE: C:\VDF6\Develop\Empor\AppSrc\FindRelatedFiles.VW
ERROR: 302 PROPERTY CAN ONLY BE DEFINED WITHIN A CLASS OR OBJECT ON LINE: 131 (4938) OF FILE: C:\VDF6\Develop\Empor\AppSrc\FindRelatedFiles.VW
ERROR: 302 PROPERTY CAN ONLY BE DEFINED WITHIN A CLASS OR OBJECT ON LINE: 132 (4939) OF FILE: C:\VDF6\Develop\Empor\AppSrc\FindRelatedFiles.VW
ERROR: 302 PROPERTY CAN ONLY BE DEFINED WITHIN A CLASS OR OBJECT ON LINE: 133 (4940) OF FILE: C:\VDF6\Develop\Empor\AppSrc\FindRelatedFiles.VW
ERROR: 302 PROPERTY CAN ONLY BE DEFINED WITHIN A CLASS OR OBJECT ON LINE: 134 (4941) OF FILE: C:\VDF6\Develop\Empor\AppSrc\FindRelatedFiles.VW
ERROR: 302 PROPERTY CAN ONLY BE DEFINED WITHIN A CLASS OR OBJECT ON LINE: 135 (4942) OF FILE: C:\VDF6\Develop\Empor\AppSrc\FindRelatedFiles.VW
ERROR: 302 PROPERTY CAN ONLY BE DEFINED WITHIN A CLASS OR OBJECT ON LINE: 136 (4943) OF FILE: C:\VDF6\Develop\Empor\AppSrc\FindRelatedFiles.VW
ERROR: 302 PROPERTY CAN ONLY BE DEFINED WITHIN A CLASS OR OBJECT ON LINE: 137 (4944) OF FILE: C:\VDF6\Develop\Empor\AppSrc\FindRelatedFiles.VW
ERROR: 302 PROPERTY CAN ONLY BE DEFINED WITHIN A CLASS OR OBJECT ON LINE: 138 (4945) OF FILE: C:\VDF6\Develop\Empor\AppSrc\FindRelatedFiles.VW
ERROR: 302 PROPERTY CAN ONLY BE DEFINED WITHIN A CLASS OR OBJECT ON LINE: 139 (4946) OF FILE: C:\VDF6\Develop\Empor\AppSrc\FindRelatedFiles.VW
ERROR: 302 PROPERTY CAN ONLY BE DEFINED WITHIN A CLASS OR OBJECT ON LINE: 140 (4947) OF FILE: C:\VDF6\Develop\Empor\AppSrc\FindRelatedFiles.VW
ERROR: 4298 Command not found SUB ON LINE: 718 (5526) OF FILE: C:\VDF6\Develop\Empor\AppSrc\FindRelatedFiles.VW
ERROR: 300 INVALID OBJECT REFERENCE ON LINE: 1112 (5831) OF FILE: C:\VDF6\Develop\Empor\AppSrc\FindRelatedFiles.VW
ERROR: 54 Invalid symbol in expression CLIENT_AREA ON LINE: 1113 (5831) OF FILE: C:\VDF6\Develop\Empor\AppSrc\FindRelatedFiles.VW
ERROR: 4345 Type check error |ES28735, |ES28735, |E ON LINE: 1113 (5831) OF FILE: C:\VDF6\Develop\Empor\AppSrc\FindRelatedFiles.VW
ERROR: 4345 Type check error |ES28735, |ES28735, |ES28735, |E ON LINE: 1113 (5831) OF FILE: C:\VDF6\Develop\Empor\AppSrc\FindRelatedFiles.VW
ERROR: 300 INVALID OBJECT REFERENCE ON LINE: 1140 (5850) OF FILE: C:\VDF6\Develop\Empor\AppSrc\FindRelatedFiles.VW
ERROR: 54 Invalid symbol in expression PROGRAMWORKSPACE ON LINE: 1142 (5850) OF FILE: C:\VDF6\Develop\Empor\AppSrc\FindRelatedFiles.VW
ERROR: 4345 Type check error |ES28843, |ES28843, |E ON LINE: 1142 (5850) OF FILE: C:\VDF6\Develop\Empor\AppSrc\FindRelatedFiles.VW
ERROR: 4345 Type check error |ES28843, |ES28843, |ES28843, |E ON LINE: 1142 (5850) OF FILE: C:\VDF6\Develop\Empor\AppSrc\FindRelatedFiles.VW
ERROR: 300 INVALID OBJECT REFERENCE ON LINE: 1143 (5851) OF FILE: C:\VDF6\Develop\Empor\AppSrc\FindRelatedFiles.VW
ERROR: 54 Invalid symbol in expression PROGRAMWORKSPACE ON LINE: 1166 (5866) OF FILE: C:\VDF6\Develop\Empor\AppSrc\FindRelatedFiles.VW
ERROR: 4345 Type check error |ES28905, |ES28905, |E ON LINE: 1166 (5866) OF FILE: C:\VDF6\Develop\Empor\AppSrc\FindRelatedFiles.VW
ERROR: 4345 Type check error |ES28905, |ES28905, |ES28905, |E ON LINE: 1166 (5866) OF FILE: C:\VDF6\Develop\Empor\AppSrc\FindRelatedFiles.VW
ERROR: 54 Invalid symbol in expression PROGRAMWORKSPACE ON LINE: 1167 (5867) OF FILE: C:\VDF6\Develop\Empor\AppSrc\FindRelatedFiles.VW
ERROR: 4345 Type check error |ES28905, |ES28905, |E ON LINE: 1167 (5867) OF FILE: C:\VDF6\Develop\Empor\AppSrc\FindRelatedFiles.VW
ERROR: 4345 Type check error |ES28905, |ES28905, |ES28905, |E ON LINE: 1167 (5867) OF FILE: C:\VDF6\Develop\Empor\AppSrc\FindRelatedFiles.VW
ERROR: 54 Invalid symbol in expression PROGRAMWORKSPACE ON LINE: 1168 (5868) OF FILE: C:\VDF6\Develop\Empor\AppSrc\FindRelatedFiles.VW
ERROR: 4345 Type check error |ES28905, |ES28905, |E ON LINE: 1168 (5868) OF FILE: C:\VDF6\Develop\Empor\AppSrc\FindRelatedFiles.VW
ERROR: 4345 Type check error |ES28905, |ES28905, |ES28905, |E ON LINE: 1168 (5868) OF FILE: C:\VDF6\Develop\Empor\AppSrc\FindRelatedFiles.VW
ERROR: 54 Invalid symbol in expression PROGRAMWORKSPACE ON LINE: 1169 (5869) OF FILE: C:\VDF6\Develop\Empor\AppSrc\FindRelatedFiles.VW
ERROR: 4345 Type check error |ES28905, |ES28905, |E ON LINE: 1169 (5869) OF FILE: C:\VDF6\Develop\Empor\AppSrc\FindRelatedFiles.VW
ERROR: 4345 Type check error |ES28905, |ES28905, |ES28905, |E ON LINE: 1169 (5869) OF FILE: C:\VDF6\Develop\Empor\AppSrc\FindRelatedFiles.VW
ERROR: 54 Invalid symbol in expression PROGRAMWORKSPACE ON LINE: 1170 (5870) OF FILE: C:\VDF6\Develop\Empor\AppSrc\FindRelatedFiles.VW
ERROR: 4345 Type check error |ES28905, |ES28905, |E ON LINE: 1170 (5870) OF FILE: C:\VDF6\Develop\Empor\AppSrc\FindRelatedFiles.VW
ERROR: 4345 Type check error |ES28905, |ES28905, |ES28905, |E ON LINE: 1170 (5870) OF FILE: C:\VDF6\Develop\Empor\AppSrc\FindRelatedFiles.VW
ERROR: 300 INVALID OBJECT REFERENCE ON LINE: 1173 (5872) OF FILE: C:\VDF6\Develop\Empor\AppSrc\FindRelatedFiles.VW
ERROR: 300 INVALID OBJECT REFERENCE ON LINE: 1176 (5874) OF FILE: C:\VDF6\Develop\Empor\AppSrc\FindRelatedFiles.VW
ERROR: 4298 Command not found CD_END_OBJECT ON LINE: 1251 (5904) OF FILE: C:\VDF6\Develop\Empor\AppSrc\FindRelatedFiles.VW
ERROR: 4306 Forward reference not resolved  GET_GET_FILE_EXISTS ON LINE: 956 (5748) OF FILE: C:\VDF6\Develop\Empor\AppSrc\FindRelatedFiles.VW
ERROR: 4306 Forward reference not resolved  MSG_CLOSE_CLIENT ON LINE: 1117 (5834) OF FILE: C:\VDF6\Develop\Empor\AppSrc\FindRelatedFiles.VW
ERROR: 4306 Forward reference not resolved  MSG_ACTIVATE_ORELATED ON LINE: 1129 (5843) OF FILE: C:\VDF6\Develop\Empor\AppSrc\FindRelatedFiles.VW
ERROR: 4306 Forward reference not resolved  MSG_DOSETWORKSPACE ON LINE: 1140 (5849) OF FILE: C:\VDF6\Develop\Empor\AppSrc\FindRelatedFiles.VW
ERROR: 4306 Forward reference not resolved  GET_CURRENTWORKSPACEDESCRIPTION ON LINE: 1143 (5850) OF FILE: C:\VDF6\Develop\Empor\AppSrc\FindRelatedFiles.VW
ERROR: 4306 Forward reference not resolved  GET_CURRENTFILELISTPATH ON LINE: 1166 (5865) OF FILE: C:\VDF6\Develop\Empor\AppSrc\FindRelatedFiles.VW
ERROR: 4306 Forward reference not resolved  GET_CURRENTDATAPATH ON LINE: 1168 (5867) OF FILE: C:\VDF6\Develop\Empor\AppSrc\FindRelatedFiles.VW
ERROR: 4306 Forward reference not resolved  GET_CURRENTDDSRCPATH ON LINE: 1169 (5868) OF FILE: C:\VDF6\Develop\Empor\AppSrc\FindRelatedFiles.VW
ERROR: 4306 Forward reference not resolved  GET_CURRENTMODULENAME ON LINE: 1170 (5869) OF FILE: C:\VDF6\Develop\Empor\AppSrc\FindRelatedFiles.VW
ERROR: 4306 Forward reference not resolved  GET_CURRENTWORKSPACEDESCRIPTION ON LINE: 1173 (5871) OF FILE: C:\VDF6\Develop\Empor\AppSrc\FindRelatedFiles.VW
ERROR: 4306 Forward reference not resolved  GET_GET_FILE_EXISTS ON LINE: 1178 (5873) OF FILE: C:\VDF6\Develop\Empor\AppSrc\FindRelatedFiles.VW
