ERROR: 4313 Include file not found USERS.FD ON LINE: 36 (49473) OF FILE: L:\VDF14.1.Dev\TitanUTF\AppSrc\Migration_Excel_Output.src
ERROR: 52 Bad format of expression (operator)  ON LINE: 36 (49473) OF FILE: L:\VDF14.1.Dev\TitanUTF\AppSrc\Migration_Excel_Output.src
ERROR: 4313 Include file not found PASSWVERIF.PKG ON LINE: 39 (49474) OF FILE: L:\VDF14.1.Dev\TitanUTF\AppSrc\Migration_Excel_Output.src
ERROR: 4367 Function Not Found in Expression FSLOGINUSERID ON LINE: 38 (53420) OF FILE: C:\VDF14.1.SUB\SUBCLASSES\AppSrc\PASSDLG2.DG
ERROR: 4345 Type check error USERS.LOGIN_ID, MUST BE DEFINED ON LINE: 40 (53422) OF FILE: C:\VDF14.1.SUB\SUBCLASSES\AppSrc\PASSDLG2.DG
ERROR: 4328 Undefined symbol in argument USERS.LOGIN_ID ON LINE: 40 (53422) OF FILE: C:\VDF14.1.SUB\SUBCLASSES\AppSrc\PASSDLG2.DG
ERROR: 4367 Function Not Found in Expression FSLOGINUSERID ON LINE: 158 (53519) OF FILE: C:\VDF14.1.SUB\SUBCLASSES\AppSrc\PASSDLG2.DG
ERROR: 4345 Type check error USERS.LOGIN_ID, MUST BE DEFINED ON LINE: 160 (53521) OF FILE: C:\VDF14.1.SUB\SUBCLASSES\AppSrc\PASSDLG2.DG
ERROR: 4328 Undefined symbol in argument USERS.LOGIN_ID ON LINE: 160 (53521) OF FILE: C:\VDF14.1.SUB\SUBCLASSES\AppSrc\PASSDLG2.DG
ERROR: 4328 Undefined symbol in argument USERS.PASSWORD ON LINE: 163 (53525) OF FILE: C:\VDF14.1.SUB\SUBCLASSES\AppSrc\PASSDLG2.DG
ERROR: 4345 Type check error USERS.PASSWORD, MUST BE DEFINED ON LINE: 177 (53543) OF FILE: C:\VDF14.1.SUB\SUBCLASSES\AppSrc\PASSDLG2.DG
ERROR: 4328 Undefined symbol in argument USERS.PASSWORD ON LINE: 177 (53543) OF FILE: C:\VDF14.1.SUB\SUBCLASSES\AppSrc\PASSDLG2.DG
ERROR: 4328 Undefined symbol in argument USERS.NAME ON LINE: 42 (53424) OF FILE: C:\VDF14.1.SUB\SUBCLASSES\AppSrc\PASSDLG2.DG
ERROR: 4388 Illegal object name definition CONNECT ALREADY DEFINED AS A FUNCTION/PROPERTY ON LINE: 16 (53553) OF FILE: C:\VDF14.1.SUB\SUBCLASSES\AppSrc\CONNECT.DG
ERROR: 4388 Illegal object name definition CONNECT ALREADY DEFINED AS A FUNCTION/PROPERTY ON LINE: 43 (55391) OF FILE: C:\VDF14.1.SUB\SUBCLASSES\AppSrc\CONNECT.DG
ERROR: 4345 Type check error USERS.LOGIN_ID, MUST BE DEFINED ON LINE: 219 (55537) OF FILE: C:\VDF14.1.SUB\SUBCLASSES\AppSrc\CONNECT.DG
ERROR: 4328 Undefined symbol in argument USERS.LOGIN_ID ON LINE: 219 (55537) OF FILE: C:\VDF14.1.SUB\SUBCLASSES\AppSrc\CONNECT.DG
ERROR: 4345 Type check error USERS.LOGIN_ID, MUST BE DEFINED ON LINE: 281 (55623) OF FILE: C:\VDF14.1.SUB\SUBCLASSES\AppSrc\CONNECT.DG
ERROR: 4328 Undefined symbol in argument USERS.LOGIN_ID ON LINE: 281 (55623) OF FILE: C:\VDF14.1.SUB\SUBCLASSES\AppSrc\CONNECT.DG
ERROR: 4328 Undefined symbol in argument PROGRAMWORKSPACE ON LINE: 195 (55506) OF FILE: C:\VDF14.1.SUB\SUBCLASSES\AppSrc\CONNECT.DG
ERROR: 4328 Undefined symbol in argument USERS.PASSWORD ON LINE: 228 (55547) OF FILE: C:\VDF14.1.SUB\SUBCLASSES\AppSrc\CONNECT.DG
ERROR: 4328 Undefined symbol in argument PROGRAMWORKSPACE ON LINE: 240 (55562) OF FILE: C:\VDF14.1.SUB\SUBCLASSES\AppSrc\CONNECT.DG
ERROR: 4328 Undefined symbol in argument USERS.PASSWORD ON LINE: 290 (55633) OF FILE: C:\VDF14.1.SUB\SUBCLASSES\AppSrc\CONNECT.DG
ERROR: 4328 Undefined symbol in argument PROGRAMWORKSPACE ON LINE: 302 (55648) OF FILE: C:\VDF14.1.SUB\SUBCLASSES\AppSrc\CONNECT.DG
ERROR: 4345 Type check error IMETRHTHSPROSP, MUST BE DEFINED ON LINE: 47 (55695) OF FILE: L:\VDF14.1.Dev\TitanUTF\AppSrc\Migration_Excel_Output.src
ERROR: 4328 Undefined symbol in argument IMETRHTHSPROSP ON LINE: 47 (55695) OF FILE: L:\VDF14.1.Dev\TitanUTF\AppSrc\Migration_Excel_Output.src
ERROR: 4313 Include file not found SYSREC.FD ON LINE: 48 (55697) OF FILE: L:\VDF14.1.Dev\TitanUTF\AppSrc\Migration_Excel_Output.src
ERROR: 52 Bad format of expression (operator)  ON LINE: 48 (55697) OF FILE: L:\VDF14.1.Dev\TitanUTF\AppSrc\Migration_Excel_Output.src
ERROR: 4345 Type check error IMAX00, MUST BE DEFINED ON LINE: 50 (55701) OF FILE: L:\VDF14.1.Dev\TitanUTF\AppSrc\Migration_Excel_Output.src
ERROR: 4328 Undefined symbol in argument SYSREC.TIKANEI_CODE ON LINE: 50 (55701) OF FILE: L:\VDF14.1.Dev\TitanUTF\AppSrc\Migration_Excel_Output.src
ERROR: 4328 Undefined symbol in argument IMAX00 ON LINE: 50 (55701) OF FILE: L:\VDF14.1.Dev\TitanUTF\AppSrc\Migration_Excel_Output.src
ERROR: 4345 Type check error IMETRHTHSPROSP, MUST BE DEFINED ON LINE: 51 (55702) OF FILE: L:\VDF14.1.Dev\TitanUTF\AppSrc\Migration_Excel_Output.src
ERROR: 4328 Undefined symbol in argument IMETRHTHSPROSP ON LINE: 51 (55702) OF FILE: L:\VDF14.1.Dev\TitanUTF\AppSrc\Migration_Excel_Output.src
ERROR: 4345 Type check error IMUSTRESETPASS, MUST BE DEFINED ON LINE: 56 (55703) OF FILE: L:\VDF14.1.Dev\TitanUTF\AppSrc\Migration_Excel_Output.src
ERROR: 4328 Undefined symbol in argument IMUSTRESETPASS ON LINE: 56 (55703) OF FILE: L:\VDF14.1.Dev\TitanUTF\AppSrc\Migration_Excel_Output.src
ERROR: 4345 Type check error IANENERGOS, MUST BE DEFINED ON LINE: 57 (55704) OF FILE: L:\VDF14.1.Dev\TitanUTF\AppSrc\Migration_Excel_Output.src
ERROR: 4328 Undefined symbol in argument IANENERGOS ON LINE: 57 (55704) OF FILE: L:\VDF14.1.Dev\TitanUTF\AppSrc\Migration_Excel_Output.src
ERROR: 4345 Type check error IAPOTEL, MUST BE DEFINED ON LINE: 58 (55705) OF FILE: L:\VDF14.1.Dev\TitanUTF\AppSrc\Migration_Excel_Output.src
ERROR: 4328 Undefined symbol in argument IAPOTEL ON LINE: 58 (55705) OF FILE: L:\VDF14.1.Dev\TitanUTF\AppSrc\Migration_Excel_Output.src
ERROR: 4345 Type check error ICOUNTREMAIN, MUST BE DEFINED ON LINE: 60 (55706) OF FILE: L:\VDF14.1.Dev\TitanUTF\AppSrc\Migration_Excel_Output.src
ERROR: 4328 Undefined symbol in argument ICOUNTREMAIN ON LINE: 60 (55706) OF FILE: L:\VDF14.1.Dev\TitanUTF\AppSrc\Migration_Excel_Output.src
ERROR: 4345 Type check error IAPOTEL, MUST BE DEFINED ON LINE: 69 (55720) OF FILE: L:\VDF14.1.Dev\TitanUTF\AppSrc\Migration_Excel_Output.src
ERROR: 4328 Undefined symbol in argument IAPOTEL ON LINE: 69 (55720) OF FILE: L:\VDF14.1.Dev\TitanUTF\AppSrc\Migration_Excel_Output.src
ERROR: 4345 Type check error IMETRHTHSPROSP, MUST BE DEFINED ON LINE: 70 (55721) OF FILE: L:\VDF14.1.Dev\TitanUTF\AppSrc\Migration_Excel_Output.src
ERROR: 4328 Undefined symbol in argument IMETRHTHSPROSP ON LINE: 70 (55721) OF FILE: L:\VDF14.1.Dev\TitanUTF\AppSrc\Migration_Excel_Output.src
ERROR: 4345 Type check error IANENERGOS, MUST BE DEFINED ON LINE: 71 (55722) OF FILE: L:\VDF14.1.Dev\TitanUTF\AppSrc\Migration_Excel_Output.src
ERROR: 4328 Undefined symbol in argument IANENERGOS ON LINE: 71 (55722) OF FILE: L:\VDF14.1.Dev\TitanUTF\AppSrc\Migration_Excel_Output.src
ERROR: 4345 Type check error IMUSTRESETPASS, MUST BE DEFINED ON LINE: 72 (55723) OF FILE: L:\VDF14.1.Dev\TitanUTF\AppSrc\Migration_Excel_Output.src
ERROR: 4328 Undefined symbol in argument IMUSTRESETPASS ON LINE: 72 (55723) OF FILE: L:\VDF14.1.Dev\TitanUTF\AppSrc\Migration_Excel_Output.src
ERROR: 4345 Type check error IAPOTEL, MUST BE DEFINED ON LINE: 88 (55760) OF FILE: L:\VDF14.1.Dev\TitanUTF\AppSrc\Migration_Excel_Output.src
ERROR: 4328 Undefined symbol in argument IAPOTEL ON LINE: 88 (55760) OF FILE: L:\VDF14.1.Dev\TitanUTF\AppSrc\Migration_Excel_Output.src
ERROR: 4390 Illegal method name definition GET FSRETURNFILEFROMPATH ALREADY DEFINED AS A GLOBAL METHOD ON LINE: 53 (56471) OF FILE: L:\VDF14.1.Dev\TitanUTF\AppSrc\Utf_View.vw
ERROR: 4328 Undefined symbol in argument IMAX00 ON LINE: 60 (55706) OF FILE: L:\VDF14.1.Dev\TitanUTF\AppSrc\Migration_Excel_Output.src
ERROR: 4328 Undefined symbol in argument IMETRHTHSPROSP ON LINE: 60 (55706) OF FILE: L:\VDF14.1.Dev\TitanUTF\AppSrc\Migration_Excel_Output.src
ERROR: 4328 Undefined symbol in argument IMETRHTHSPROSP ON LINE: 61 (55707) OF FILE: L:\VDF14.1.Dev\TitanUTF\AppSrc\Migration_Excel_Output.src
ERROR: 4328 Undefined symbol in argument IMAX00 ON LINE: 61 (55707) OF FILE: L:\VDF14.1.Dev\TitanUTF\AppSrc\Migration_Excel_Output.src
ERROR: 4328 Undefined symbol in argument IHASAPASSWORD ON LINE: 65 (55711) OF FILE: L:\VDF14.1.Dev\TitanUTF\AppSrc\Migration_Excel_Output.src
ERROR: 4328 Undefined symbol in argument IANENERGOS ON LINE: 66 (55714) OF FILE: L:\VDF14.1.Dev\TitanUTF\AppSrc\Migration_Excel_Output.src
ERROR: 4328 Undefined symbol in argument IAPOTEL ON LINE: 67 (55717) OF FILE: L:\VDF14.1.Dev\TitanUTF\AppSrc\Migration_Excel_Output.src
