ERROR: 4324 No active conditionals  ON LINE: 84 (30269) OF FILE: C:\VDF6\VDF6.SUB\SUBCLASS\REGCHECK.PKG
ERROR: 4345 Type check error |CI4, |CI4, |C ON LINE: 246 (30269) OF FILE: C:\VDF6\VDF6.SUB\SUBCLASS\REGCHECK.PKG
ERROR: 52 Bad format of expression (operator)  ON LINE: 246 (30269) OF FILE: C:\VDF6\VDF6.SUB\SUBCLASS\REGCHECK.PKG
ERROR: 4332 Symbol already defined |CI1 ON LINE: 246 (30269) OF FILE: C:\VDF6\VDF6.SUB\SUBCLASS\REGCHECK.PKG
ERROR: 4345 Type check error |CI4, |CI4, |CI4,  ON LINE: 247 (30269) OF FILE: C:\VDF6\VDF6.SUB\SUBCLASS\REGCHECK.PKG
ERROR: 52 Bad format of expression (operator)  ON LINE: 247 (30269) OF FILE: C:\VDF6\VDF6.SUB\SUBCLASS\REGCHECK.PKG
ERROR: 4332 Symbol already defined |CI5 ON LINE: 247 (30269) OF FILE: C:\VDF6\VDF6.SUB\SUBCLASS\REGCHECK.PKG
ERROR: 4345 Type check error |CI4, |CI4, |CI4,  ON LINE: 248 (30269) OF FILE: C:\VDF6\VDF6.SUB\SUBCLASS\REGCHECK.PKG
ERROR: 52 Bad format of expression (operator)  ON LINE: 248 (30269) OF FILE: C:\VDF6\VDF6.SUB\SUBCLASS\REGCHECK.PKG
ERROR: 4332 Symbol already defined |CI9 ON LINE: 248 (30269) OF FILE: C:\VDF6\VDF6.SUB\SUBCLASS\REGCHECK.PKG
ERROR: 4345 Type check error |CI4, |CI4, |CI4,  ON LINE: 249 (30269) OF FILE: C:\VDF6\VDF6.SUB\SUBCLASS\REGCHECK.PKG
ERROR: 52 Bad format of expression (operator)  ON LINE: 249 (30269) OF FILE: C:\VDF6\VDF6.SUB\SUBCLASS\REGCHECK.PKG
ERROR: 4332 Symbol already defined |CI13 ON LINE: 249 (30269) OF FILE: C:\VDF6\VDF6.SUB\SUBCLASS\REGCHECK.PKG
ERROR: 4345 Type check error |CI4, |CI4, |CI4,  ON LINE: 250 (30269) OF FILE: C:\VDF6\VDF6.SUB\SUBCLASS\REGCHECK.PKG
ERROR: 52 Bad format of expression (operator)  ON LINE: 250 (30269) OF FILE: C:\VDF6\VDF6.SUB\SUBCLASS\REGCHECK.PKG
ERROR: 4332 Symbol already defined |CI17 ON LINE: 250 (30269) OF FILE: C:\VDF6\VDF6.SUB\SUBCLASS\REGCHECK.PKG
ERROR: 4345 Type check error |CI128, |CI128, |CI1 ON LINE: 251 (30269) OF FILE: C:\VDF6\VDF6.SUB\SUBCLASS\REGCHECK.PKG
ERROR: 4345 Type check error |CI128, |CI128, |CI128, |CI1 ON LINE: 251 (30269) OF FILE: C:\VDF6\VDF6.SUB\SUBCLASS\REGCHECK.PKG
ERROR: 52 Bad format of expression (operator)  ON LINE: 251 (30269) OF FILE: C:\VDF6\VDF6.SUB\SUBCLASS\REGCHECK.PKG
ERROR: 4332 Symbol already defined |CI21 ON LINE: 251 (30269) OF FILE: C:\VDF6\VDF6.SUB\SUBCLASS\REGCHECK.PKG
ERROR: 4332 Symbol already defined |CI0 ON LINE: 257 (30269) OF FILE: C:\VDF6\VDF6.SUB\SUBCLASS\REGCHECK.PKG
ERROR: 4332 Symbol already defined |CI1 ON LINE: 258 (30269) OF FILE: C:\VDF6\VDF6.SUB\SUBCLASS\REGCHECK.PKG
ERROR: 4332 Symbol already defined |CI2 ON LINE: 259 (30269) OF FILE: C:\VDF6\VDF6.SUB\SUBCLASS\REGCHECK.PKG
ERROR: 54 Invalid symbol in expression FORMATMESSAGE ON LINE: 691 (30412) OF FILE: C:\VDF6\VDF6.SUB\SUBCLASS\REGCHECK.PKG
ERROR: 54 Invalid symbol in expression LOCALFREE ON LINE: 702 (30419) OF FILE: C:\VDF6\VDF6.SUB\SUBCLASS\REGCHECK.PKG
ERROR: 4345 Type check error CSOSVERSIONNUMBERCOULDNOTRETRIEVED, CSOSVERSIONNUMBERCOULDNOTRETRIEVED,  ON LINE: 748 (30450) OF FILE: C:\VDF6\VDF6.SUB\SUBCLASS\REGCHECK.PKG
ERROR: 4328 Undefined symbol in argument CSOSVERSIONNUMBERCOULDNOTRETRIEVED ON LINE: 748 (30450) OF FILE: C:\VDF6\VDF6.SUB\SUBCLASS\REGCHECK.PKG
ERROR: 4345 Type check error CSOSVERSIONNUMBERCOULDNOTRETRIEVED, CSOSVERSIONNUMBERCOULDNOTRETRIEVED,  ON LINE: 773 (30471) OF FILE: C:\VDF6\VDF6.SUB\SUBCLASS\REGCHECK.PKG
ERROR: 4328 Undefined symbol in argument CSOSVERSIONNUMBERCOULDNOTRETRIEVED ON LINE: 773 (30471) OF FILE: C:\VDF6\VDF6.SUB\SUBCLASS\REGCHECK.PKG
ERROR: 4328 Undefined symbol in argument CSUNKNOWNWINDOWSVERSION ON LINE: 974 (30609) OF FILE: C:\VDF6\VDF6.SUB\SUBCLASS\REGCHECK.PKG
ERROR: 4345 Type check error CSPROGRAMWILLBETERMINATED, CSPROGRAMWILLBETERMINATED, CSPR ON LINE: 975 (30610) OF FILE: C:\VDF6\VDF6.SUB\SUBCLASS\REGCHECK.PKG
ERROR: 4328 Undefined symbol in argument CSPROGRAMWILLBETERMINATED ON LINE: 975 (30610) OF FILE: C:\VDF6\VDF6.SUB\SUBCLASS\REGCHECK.PKG
ERROR: 4328 Undefined symbol in argument CSUNKNOWNWINDOWSVERSIONQUESTION ON LINE: 981 (30618) OF FILE: C:\VDF6\VDF6.SUB\SUBCLASS\REGCHECK.PKG
ERROR: 4345 Type check error CSPROGRAMASKSTOBETERMINATED, CSPROGRAMASKSTOBETERMINATED, CS ON LINE: 982 (30619) OF FILE: C:\VDF6\VDF6.SUB\SUBCLASS\REGCHECK.PKG
ERROR: 4328 Undefined symbol in argument CSPROGRAMASKSTOBETERMINATED ON LINE: 982 (30619) OF FILE: C:\VDF6\VDF6.SUB\SUBCLASS\REGCHECK.PKG
ERROR: 54 Invalid symbol in expression CSOSDOESNOTRUNONWINDOWSSTART ON LINE: 996 (30630) OF FILE: C:\VDF6\VDF6.SUB\SUBCLASS\REGCHECK.PKG
ERROR: 4345 Type check error CSPROGRAMWILLBETERMINATED, CSPROGRAMWILLBETERMINATED,  ON LINE: 997 (30631) OF FILE: C:\VDF6\VDF6.SUB\SUBCLASS\REGCHECK.PKG
ERROR: 4328 Undefined symbol in argument CSPROGRAMWILLBETERMINATED ON LINE: 997 (30631) OF FILE: C:\VDF6\VDF6.SUB\SUBCLASS\REGCHECK.PKG
ERROR: 54 Invalid symbol in expression CSOSDOESNOTRUNONWINDOWSSTART ON LINE: 1003 (30639) OF FILE: C:\VDF6\VDF6.SUB\SUBCLASS\REGCHECK.PKG
ERROR: 4345 Type check error CSOSDOESNOTRUNONWINDOWSWARNING, CSOSDOESNOTRUNONWINDOWSWARNING, CSOSDOESNOTRUNONWINDOWSWARNIN ON LINE: 1004 (30640) OF FILE: C:\VDF6\VDF6.SUB\SUBCLASS\REGCHECK.PKG
ERROR: 4328 Undefined symbol in argument CSOSDOESNOTRUNONWINDOWSWARNING ON LINE: 1004 (30640) OF FILE: C:\VDF6\VDF6.SUB\SUBCLASS\REGCHECK.PKG
ERROR: 4345 Type check error CSPROGRAMASKSTOBETERMINATED, CSPROGRAMASKSTOBETERMINATED, CSPROGRAMASKSTOBETERMINATED, CSPROGRAMASKSTOBETERMINATED, CSPROG ON LINE: 1005 (30641) OF FILE: C:\VDF6\VDF6.SUB\SUBCLASS\REGCHECK.PKG
ERROR: 4328 Undefined symbol in argument CSPROGRAMASKSTOBETERMINATED ON LINE: 1005 (30641) OF FILE: C:\VDF6\VDF6.SUB\SUBCLASS\REGCHECK.PKG
ERROR: 54 Invalid symbol in expression CSOSDOESNOTRUNONWINDOWSSTART ON LINE: 1019 (30652) OF FILE: C:\VDF6\VDF6.SUB\SUBCLASS\REGCHECK.PKG
ERROR: 4345 Type check error CSPROGRAMWILLBETERMINATED, CSPROGRAMWILLBETERMINATED,  ON LINE: 1020 (30653) OF FILE: C:\VDF6\VDF6.SUB\SUBCLASS\REGCHECK.PKG
ERROR: 4328 Undefined symbol in argument CSPROGRAMWILLBETERMINATED ON LINE: 1020 (30653) OF FILE: C:\VDF6\VDF6.SUB\SUBCLASS\REGCHECK.PKG
ERROR: 54 Invalid symbol in expression CSOSDOESNOTRUNONWINDOWSSTART ON LINE: 1026 (30661) OF FILE: C:\VDF6\VDF6.SUB\SUBCLASS\REGCHECK.PKG
ERROR: 4345 Type check error CSOSDOESNOTRUNONWINDOWSWARNING, CSOSDOESNOTRUNONWINDOWSWARNING, CSOSDOESNOTRUNONWINDOWSWARNIN ON LINE: 1027 (30662) OF FILE: C:\VDF6\VDF6.SUB\SUBCLASS\REGCHECK.PKG
ERROR: 4328 Undefined symbol in argument CSOSDOESNOTRUNONWINDOWSWARNING ON LINE: 1027 (30662) OF FILE: C:\VDF6\VDF6.SUB\SUBCLASS\REGCHECK.PKG
ERROR: 4345 Type check error CSPROGRAMASKSTOBETERMINATED, CSPROGRAMASKSTOBETERMINATED, CSPROGRAMASKSTOBETERMINATED, CSPROGRAMASKSTOBETERMINATED, CSPROG ON LINE: 1028 (30663) OF FILE: C:\VDF6\VDF6.SUB\SUBCLASS\REGCHECK.PKG
ERROR: 4328 Undefined symbol in argument CSPROGRAMASKSTOBETERMINATED ON LINE: 1028 (30663) OF FILE: C:\VDF6\VDF6.SUB\SUBCLASS\REGCHECK.PKG
ERROR: 54 Invalid symbol in expression CSOSDOESNOTRUNONWINDOWSSTART ON LINE: 1042 (30674) OF FILE: C:\VDF6\VDF6.SUB\SUBCLASS\REGCHECK.PKG
ERROR: 4345 Type check error CSPROGRAMWILLBETERMINATED, CSPROGRAMWILLBETERMINATED,  ON LINE: 1043 (30675) OF FILE: C:\VDF6\VDF6.SUB\SUBCLASS\REGCHECK.PKG
ERROR: 4328 Undefined symbol in argument CSPROGRAMWILLBETERMINATED ON LINE: 1043 (30675) OF FILE: C:\VDF6\VDF6.SUB\SUBCLASS\REGCHECK.PKG
ERROR: 54 Invalid symbol in expression CSOSDOESNOTRUNONWINDOWSSTART ON LINE: 1049 (30683) OF FILE: C:\VDF6\VDF6.SUB\SUBCLASS\REGCHECK.PKG
ERROR: 4345 Type check error CSOSDOESNOTRUNONWINDOWSWARNING, CSOSDOESNOTRUNONWINDOWSWARNING, CSOSDOESNOTRUNONWINDOWSWARNIN ON LINE: 1050 (30684) OF FILE: C:\VDF6\VDF6.SUB\SUBCLASS\REGCHECK.PKG
ERROR: 4328 Undefined symbol in argument CSOSDOESNOTRUNONWINDOWSWARNING ON LINE: 1050 (30684) OF FILE: C:\VDF6\VDF6.SUB\SUBCLASS\REGCHECK.PKG
ERROR: 4345 Type check error CSPROGRAMASKSTOBETERMINATED, CSPROGRAMASKSTOBETERMINATED, CSPROGRAMASKSTOBETERMINATED, CSPROGRAMASKSTOBETERMINATED, CSPROG ON LINE: 1051 (30685) OF FILE: C:\VDF6\VDF6.SUB\SUBCLASS\REGCHECK.PKG
ERROR: 4328 Undefined symbol in argument CSPROGRAMASKSTOBETERMINATED ON LINE: 1051 (30685) OF FILE: C:\VDF6\VDF6.SUB\SUBCLASS\REGCHECK.PKG
ERROR: 54 Invalid symbol in expression CSOSDOESNOTRUNONWINDOWSSTART ON LINE: 1065 (30696) OF FILE: C:\VDF6\VDF6.SUB\SUBCLASS\REGCHECK.PKG
ERROR: 4345 Type check error CSPROGRAMWILLBETERMINATED, CSPROGRAMWILLBETERMINATED,  ON LINE: 1066 (30697) OF FILE: C:\VDF6\VDF6.SUB\SUBCLASS\REGCHECK.PKG
ERROR: 4328 Undefined symbol in argument CSPROGRAMWILLBETERMINATED ON LINE: 1066 (30697) OF FILE: C:\VDF6\VDF6.SUB\SUBCLASS\REGCHECK.PKG
ERROR: 54 Invalid symbol in expression CSOSDOESNOTRUNONWINDOWSSTART ON LINE: 1072 (30705) OF FILE: C:\VDF6\VDF6.SUB\SUBCLASS\REGCHECK.PKG
ERROR: 4345 Type check error CSOSDOESNOTRUNONWINDOWSWARNING, CSOSDOESNOTRUNONWINDOWSWARNING, CSOSDOESNOTRUNONWINDOWSWARNIN ON LINE: 1073 (30706) OF FILE: C:\VDF6\VDF6.SUB\SUBCLASS\REGCHECK.PKG
ERROR: 4328 Undefined symbol in argument CSOSDOESNOTRUNONWINDOWSWARNING ON LINE: 1073 (30706) OF FILE: C:\VDF6\VDF6.SUB\SUBCLASS\REGCHECK.PKG
ERROR: 4345 Type check error CSPROGRAMASKSTOBETERMINATED, CSPROGRAMASKSTOBETERMINATED, CSPROGRAMASKSTOBETERMINATED, CSPROGRAMASKSTOBETERMINATED, CSPROG ON LINE: 1074 (30707) OF FILE: C:\VDF6\VDF6.SUB\SUBCLASS\REGCHECK.PKG
ERROR: 4328 Undefined symbol in argument CSPROGRAMASKSTOBETERMINATED ON LINE: 1074 (30707) OF FILE: C:\VDF6\VDF6.SUB\SUBCLASS\REGCHECK.PKG
ERROR: 54 Invalid symbol in expression CSOSDOESNOTRUNONWINDOWSSTART ON LINE: 1088 (30718) OF FILE: C:\VDF6\VDF6.SUB\SUBCLASS\REGCHECK.PKG
ERROR: 4345 Type check error CSPROGRAMWILLBETERMINATED, CSPROGRAMWILLBETERMINATED,  ON LINE: 1089 (30719) OF FILE: C:\VDF6\VDF6.SUB\SUBCLASS\REGCHECK.PKG
ERROR: 4328 Undefined symbol in argument CSPROGRAMWILLBETERMINATED ON LINE: 1089 (30719) OF FILE: C:\VDF6\VDF6.SUB\SUBCLASS\REGCHECK.PKG
ERROR: 54 Invalid symbol in expression CSOSDOESNOTRUNONWINDOWSSTART ON LINE: 1095 (30727) OF FILE: C:\VDF6\VDF6.SUB\SUBCLASS\REGCHECK.PKG
ERROR: 4345 Type check error CSOSDOESNOTRUNONWINDOWSWARNING, CSOSDOESNOTRUNONWINDOWSWARNING, CSOSDOESNOTRUNONWINDOWSWARNIN ON LINE: 1096 (30728) OF FILE: C:\VDF6\VDF6.SUB\SUBCLASS\REGCHECK.PKG
ERROR: 4328 Undefined symbol in argument CSOSDOESNOTRUNONWINDOWSWARNING ON LINE: 1096 (30728) OF FILE: C:\VDF6\VDF6.SUB\SUBCLASS\REGCHECK.PKG
ERROR: 4345 Type check error CSPROGRAMASKSTOBETERMINATED, CSPROGRAMASKSTOBETERMINATED, CSPROGRAMASKSTOBETERMINATED, CSPROGRAMASKSTOBETERMINATED, CSPROG ON LINE: 1097 (30729) OF FILE: C:\VDF6\VDF6.SUB\SUBCLASS\REGCHECK.PKG
ERROR: 4328 Undefined symbol in argument CSPROGRAMASKSTOBETERMINATED ON LINE: 1097 (30729) OF FILE: C:\VDF6\VDF6.SUB\SUBCLASS\REGCHECK.PKG
ERROR: 54 Invalid symbol in expression CSOSDOESNOTRUNONWINDOWSSTART ON LINE: 1111 (30740) OF FILE: C:\VDF6\VDF6.SUB\SUBCLASS\REGCHECK.PKG
ERROR: 4345 Type check error CSPROGRAMWILLBETERMINATED, CSPROGRAMWILLBETERMINATED,  ON LINE: 1112 (30741) OF FILE: C:\VDF6\VDF6.SUB\SUBCLASS\REGCHECK.PKG
ERROR: 4328 Undefined symbol in argument CSPROGRAMWILLBETERMINATED ON LINE: 1112 (30741) OF FILE: C:\VDF6\VDF6.SUB\SUBCLASS\REGCHECK.PKG
ERROR: 54 Invalid symbol in expression CSOSDOESNOTRUNONWINDOWSSTART ON LINE: 1118 (30749) OF FILE: C:\VDF6\VDF6.SUB\SUBCLASS\REGCHECK.PKG
ERROR: 4345 Type check error CSOSDOESNOTRUNONWINDOWSWARNING, CSOSDOESNOTRUNONWINDOWSWARNING, CSOSDOESNOTRUNONWINDOWSWARNIN ON LINE: 1119 (30750) OF FILE: C:\VDF6\VDF6.SUB\SUBCLASS\REGCHECK.PKG
ERROR: 4328 Undefined symbol in argument CSOSDOESNOTRUNONWINDOWSWARNING ON LINE: 1119 (30750) OF FILE: C:\VDF6\VDF6.SUB\SUBCLASS\REGCHECK.PKG
ERROR: 4345 Type check error CSPROGRAMASKSTOBETERMINATED, CSPROGRAMASKSTOBETERMINATED, CSPROGRAMASKSTOBETERMINATED, CSPROGRAMASKSTOBETERMINATED, CSPROG ON LINE: 1120 (30751) OF FILE: C:\VDF6\VDF6.SUB\SUBCLASS\REGCHECK.PKG
ERROR: 4328 Undefined symbol in argument CSPROGRAMASKSTOBETERMINATED ON LINE: 1120 (30751) OF FILE: C:\VDF6\VDF6.SUB\SUBCLASS\REGCHECK.PKG
ERROR: 4328 Undefined symbol in argument CSOSVERSIONISAHOMEVERSION ON LINE: 1134 (30762) OF FILE: C:\VDF6\VDF6.SUB\SUBCLASS\REGCHECK.PKG
ERROR: 4345 Type check error CSPROGRAMWILLBETERMINATED, CSPROGRAMWILLBETERMINATED, CSPR ON LINE: 1135 (30763) OF FILE: C:\VDF6\VDF6.SUB\SUBCLASS\REGCHECK.PKG
ERROR: 4328 Undefined symbol in argument CSPROGRAMWILLBETERMINATED ON LINE: 1135 (30763) OF FILE: C:\VDF6\VDF6.SUB\SUBCLASS\REGCHECK.PKG
ERROR: 4328 Undefined symbol in argument CSOSVERSIONISAHOMEVERSIONWARNING ON LINE: 1141 (30771) OF FILE: C:\VDF6\VDF6.SUB\SUBCLASS\REGCHECK.PKG
ERROR: 4345 Type check error CSPROGRAMASKSTOBETERMINATED, CSPROGRAMASKSTOBETERMINATED, CS ON LINE: 1142 (30772) OF FILE: C:\VDF6\VDF6.SUB\SUBCLASS\REGCHECK.PKG
ERROR: 4328 Undefined symbol in argument CSPROGRAMASKSTOBETERMINATED ON LINE: 1142 (30772) OF FILE: C:\VDF6\VDF6.SUB\SUBCLASS\REGCHECK.PKG
ERROR: 4328 Undefined symbol in argument CSSERVICEPACKNOTINSTALLEDSTART ON LINE: 1156 (30785) OF FILE: C:\VDF6\VDF6.SUB\SUBCLASS\REGCHECK.PKG
ERROR: 4345 Type check error CSSERVICEPACKNOTINSTALLEDMIDDLE, CSSERVICEPACKNOTINSTALLEDMIDDLE, CSS ON LINE: 1157 (30787) OF FILE: C:\VDF6\VDF6.SUB\SUBCLASS\REGCHECK.PKG
ERROR: 4328 Undefined symbol in argument CSSERVICEPACKNOTINSTALLEDMIDDLE ON LINE: 1157 (30787) OF FILE: C:\VDF6\VDF6.SUB\SUBCLASS\REGCHECK.PKG
ERROR: 4328 Undefined symbol in argument CSSERVICEPACKNOTINSTALLEDSTART ON LINE: 1162 (30794) OF FILE: C:\VDF6\VDF6.SUB\SUBCLASS\REGCHECK.PKG
ERROR: 4345 Type check error CSSERVICEPACKNOTINSTALLEDMIDDLE, CSSERVICEPACKNOTINSTALLEDMIDDLE, CSS ON LINE: 1163 (30796) OF FILE: C:\VDF6\VDF6.SUB\SUBCLASS\REGCHECK.PKG
ERROR: 4328 Undefined symbol in argument CSSERVICEPACKNOTINSTALLEDMIDDLE ON LINE: 1163 (30796) OF FILE: C:\VDF6\VDF6.SUB\SUBCLASS\REGCHECK.PKG
ERROR: 4328 Undefined symbol in argument CSSERVICEPACKNOTINSTALLEDSTART ON LINE: 1168 (30803) OF FILE: C:\VDF6\VDF6.SUB\SUBCLASS\REGCHECK.PKG
ERROR: 4345 Type check error CSSERVICEPACKNOTINSTALLEDMIDDLE, CSSERVICEPACKNOTINSTALLEDMIDDLE, CSS ON LINE: 1169 (30805) OF FILE: C:\VDF6\VDF6.SUB\SUBCLASS\REGCHECK.PKG
ERROR: 4328 Undefined symbol in argument CSSERVICEPACKNOTINSTALLEDMIDDLE ON LINE: 1169 (30805) OF FILE: C:\VDF6\VDF6.SUB\SUBCLASS\REGCHECK.PKG
ERROR: 4328 Undefined symbol in argument CSSERVICEPACKNOTINSTALLEDSTART ON LINE: 1174 (30812) OF FILE: C:\VDF6\VDF6.SUB\SUBCLASS\REGCHECK.PKG
ERROR: 4345 Type check error CSSERVICEPACKNOTINSTALLEDMIDDLE, CSSERVICEPACKNOTINSTALLEDMIDDLE, CSS ON LINE: 1175 (30814) OF FILE: C:\VDF6\VDF6.SUB\SUBCLASS\REGCHECK.PKG
ERROR: 4328 Undefined symbol in argument CSSERVICEPACKNOTINSTALLEDMIDDLE ON LINE: 1175 (30814) OF FILE: C:\VDF6\VDF6.SUB\SUBCLASS\REGCHECK.PKG
ERROR: 4328 Undefined symbol in argument CSSERVICEPACKNOTINSTALLEDSTART ON LINE: 1180 (30821) OF FILE: C:\VDF6\VDF6.SUB\SUBCLASS\REGCHECK.PKG
ERROR: 4345 Type check error CSSERVICEPACKNOTINSTALLEDMIDDLE, CSSERVICEPACKNOTINSTALLEDMIDDLE, CSS ON LINE: 1181 (30823) OF FILE: C:\VDF6\VDF6.SUB\SUBCLASS\REGCHECK.PKG
ERROR: 4328 Undefined symbol in argument CSSERVICEPACKNOTINSTALLEDMIDDLE ON LINE: 1181 (30823) OF FILE: C:\VDF6\VDF6.SUB\SUBCLASS\REGCHECK.PKG
ERROR: 4328 Undefined symbol in argument CSSERVICEPACKNOTINSTALLEDSTART ON LINE: 1186 (30830) OF FILE: C:\VDF6\VDF6.SUB\SUBCLASS\REGCHECK.PKG
ERROR: 4345 Type check error CSSERVICEPACKNOTINSTALLEDMIDDLE, CSSERVICEPACKNOTINSTALLEDMIDDLE, CSS ON LINE: 1187 (30832) OF FILE: C:\VDF6\VDF6.SUB\SUBCLASS\REGCHECK.PKG
ERROR: 4328 Undefined symbol in argument CSSERVICEPACKNOTINSTALLEDMIDDLE ON LINE: 1187 (30832) OF FILE: C:\VDF6\VDF6.SUB\SUBCLASS\REGCHECK.PKG
ERROR: 4328 Undefined symbol in argument CSSERVICEPACKNOTINSTALLEDSTART ON LINE: 1192 (30839) OF FILE: C:\VDF6\VDF6.SUB\SUBCLASS\REGCHECK.PKG
ERROR: 4345 Type check error CSSERVICEPACKNOTINSTALLEDMIDDLE, CSSERVICEPACKNOTINSTALLEDMIDDLE, CSS ON LINE: 1193 (30841) OF FILE: C:\VDF6\VDF6.SUB\SUBCLASS\REGCHECK.PKG
ERROR: 4328 Undefined symbol in argument CSSERVICEPACKNOTINSTALLEDMIDDLE ON LINE: 1193 (30841) OF FILE: C:\VDF6\VDF6.SUB\SUBCLASS\REGCHECK.PKG
ERROR: 4345 Type check error CSSERVICEPACKNOTINSTALLEDEND, CSSERVICEPACKNOTINSTALLEDEND, C ON LINE: 1199 (30846) OF FILE: C:\VDF6\VDF6.SUB\SUBCLASS\REGCHECK.PKG
ERROR: 4328 Undefined symbol in argument CSSERVICEPACKNOTINSTALLEDEND ON LINE: 1199 (30846) OF FILE: C:\VDF6\VDF6.SUB\SUBCLASS\REGCHECK.PKG
ERROR: 4328 Undefined symbol in argument CSCHANGESAREABOUTTOBEMADE ON LINE: 1379 (31030) OF FILE: C:\VDF6\VDF6.SUB\SUBCLASS\REGCHECK.PKG
ERROR: 4345 Type check error CSMAKECHANGES, CSMAKECHANGES, CSMAKECH ON LINE: 1380 (31031) OF FILE: C:\VDF6\VDF6.SUB\SUBCLASS\REGCHECK.PKG
ERROR: 4328 Undefined symbol in argument CSMAKECHANGES ON LINE: 1380 (31031) OF FILE: C:\VDF6\VDF6.SUB\SUBCLASS\REGCHECK.PKG
ERROR: 4328 Undefined symbol in argument CSCHANGESWEREDISALLOWED ON LINE: 1409 (31062) OF FILE: C:\VDF6\VDF6.SUB\SUBCLASS\REGCHECK.PKG
ERROR: 4345 Type check error CSPROGRAMWILLBETERMINATED, CSPROGRAMWILLBETERMINATED, C ON LINE: 1410 (31063) OF FILE: C:\VDF6\VDF6.SUB\SUBCLASS\REGCHECK.PKG
ERROR: 4328 Undefined symbol in argument CSPROGRAMWILLBETERMINATED ON LINE: 1410 (31063) OF FILE: C:\VDF6\VDF6.SUB\SUBCLASS\REGCHECK.PKG
ERROR: 4328 Undefined symbol in argument CSREGISTRYCHANGESHASBEENMADE ON LINE: 1414 (31068) OF FILE: C:\VDF6\VDF6.SUB\SUBCLASS\REGCHECK.PKG
ERROR: 4345 Type check error CSPLEASERESTARTTHEPROGRAM, CSPLEASERESTARTTHEPROGRAM, CSPLEASERESTARTTHEPROGRAM, C ON LINE: 1415 (31069) OF FILE: C:\VDF6\VDF6.SUB\SUBCLASS\REGCHECK.PKG
ERROR: 4328 Undefined symbol in argument CSPLEASERESTARTTHEPROGRAM ON LINE: 1415 (31069) OF FILE: C:\VDF6\VDF6.SUB\SUBCLASS\REGCHECK.PKG
ERROR: 4328 Undefined symbol in argument CSREGISTRYCHANGESCOULDNOTBEPERFORMED ON LINE: 1419 (31074) OF FILE: C:\VDF6\VDF6.SUB\SUBCLASS\REGCHECK.PKG
ERROR: 4345 Type check error CSUSERRIGHTSISPROBABLYNOTSUFFICIENT, CSUSERRIGHTSISPROBABLYNOTSUFFICIENT, CSUSERRIGHTSISPROBABLYNOTSUFFICIENT, CSUSERRI ON LINE: 1420 (31075) OF FILE: C:\VDF6\VDF6.SUB\SUBCLASS\REGCHECK.PKG
ERROR: 4328 Undefined symbol in argument CSUSERRIGHTSISPROBABLYNOTSUFFICIENT ON LINE: 1420 (31075) OF FILE: C:\VDF6\VDF6.SUB\SUBCLASS\REGCHECK.PKG
ERROR: 4345 Type check error CSCONTACTYOURSYSTEMADMINISTRATOR, CSCONTACTYOURSYSTEMADMINISTRATOR, CSCONTACTYOURSYSTEMADMINISTRATOR, CSCONTACTYOURSYSTEMADMINISTRATOR, CSCONTACTYOURSYST ON LINE: 1421 (31076) OF FILE: C:\VDF6\VDF6.SUB\SUBCLASS\REGCHECK.PKG
ERROR: 4328 Undefined symbol in argument CSCONTACTYOURSYSTEMADMINISTRATOR ON LINE: 1421 (31076) OF FILE: C:\VDF6\VDF6.SUB\SUBCLASS\REGCHECK.PKG
ERROR: 4328 Undefined symbol in argument CSCHANGESAREABOUTTOBEMADE ON LINE: 1477 (31109) OF FILE: C:\VDF6\VDF6.SUB\SUBCLASS\REGCHECK.PKG
ERROR: 4345 Type check error CSMAKECHANGES, CSMAKECHANGES, CSMAKECH ON LINE: 1478 (31110) OF FILE: C:\VDF6\VDF6.SUB\SUBCLASS\REGCHECK.PKG
ERROR: 4328 Undefined symbol in argument CSMAKECHANGES ON LINE: 1478 (31110) OF FILE: C:\VDF6\VDF6.SUB\SUBCLASS\REGCHECK.PKG
ERROR: 4328 Undefined symbol in argument CSCHANGESWEREDISALLOWED ON LINE: 1527 (31162) OF FILE: C:\VDF6\VDF6.SUB\SUBCLASS\REGCHECK.PKG
ERROR: 4328 Undefined symbol in argument CSREGISTRYCHANGESHASBEENMADE ON LINE: 1531 (31167) OF FILE: C:\VDF6\VDF6.SUB\SUBCLASS\REGCHECK.PKG
ERROR: 4345 Type check error CSPLEASERESTARTTHEPROGRAM, CSPLEASERESTARTTHEPROGRAM, C ON LINE: 1532 (31168) OF FILE: C:\VDF6\VDF6.SUB\SUBCLASS\REGCHECK.PKG
ERROR: 4328 Undefined symbol in argument CSPLEASERESTARTTHEPROGRAM ON LINE: 1532 (31168) OF FILE: C:\VDF6\VDF6.SUB\SUBCLASS\REGCHECK.PKG
ERROR: 4328 Undefined symbol in argument CSREGISTRYCHANGESCOULDNOTBEPERFORMED ON LINE: 1536 (31173) OF FILE: C:\VDF6\VDF6.SUB\SUBCLASS\REGCHECK.PKG
ERROR: 4345 Type check error CSUSERRIGHTSISPROBABLYNOTSUFFICIENT, CSUSERRIGHTSISPROBABLYNOTSUFFICIENT, CSUSERRIGHTSISPROB ON LINE: 1537 (31174) OF FILE: C:\VDF6\VDF6.SUB\SUBCLASS\REGCHECK.PKG
ERROR: 4328 Undefined symbol in argument CSUSERRIGHTSISPROBABLYNOTSUFFICIENT ON LINE: 1537 (31174) OF FILE: C:\VDF6\VDF6.SUB\SUBCLASS\REGCHECK.PKG
ERROR: 4345 Type check error CSCONTACTYOURSYSTEMADMINISTRATOR, CSCONTACTYOURSYSTEMADMINISTRATOR, CSCONTACTYOURSYSTEMADMINISTRATOR, CSCONTACTYOURSYSTEMADMIN ON LINE: 1538 (31175) OF FILE: C:\VDF6\VDF6.SUB\SUBCLASS\REGCHECK.PKG
ERROR: 4328 Undefined symbol in argument CSCONTACTYOURSYSTEMADMINISTRATOR ON LINE: 1538 (31175) OF FILE: C:\VDF6\VDF6.SUB\SUBCLASS\REGCHECK.PKG
ERROR: 4328 Undefined symbol in argument CSCHANGESAREABOUTTOBEMADE ON LINE: 1585 (31215) OF FILE: C:\VDF6\VDF6.SUB\SUBCLASS\REGCHECK.PKG
ERROR: 4345 Type check error CSMAKECHANGES, CSMAKECHANGES, CSMAKECH ON LINE: 1586 (31216) OF FILE: C:\VDF6\VDF6.SUB\SUBCLASS\REGCHECK.PKG
ERROR: 4328 Undefined symbol in argument CSMAKECHANGES ON LINE: 1586 (31216) OF FILE: C:\VDF6\VDF6.SUB\SUBCLASS\REGCHECK.PKG
ERROR: 4328 Undefined symbol in argument CSCHANGESAREABOUTTOBEMADE ON LINE: 1613 (31250) OF FILE: C:\VDF6\VDF6.SUB\SUBCLASS\REGCHECK.PKG
ERROR: 4345 Type check error CSMAKECHANGES, CSMAKECHANGES, CSMAKECH ON LINE: 1614 (31251) OF FILE: C:\VDF6\VDF6.SUB\SUBCLASS\REGCHECK.PKG
ERROR: 4328 Undefined symbol in argument CSMAKECHANGES ON LINE: 1614 (31251) OF FILE: C:\VDF6\VDF6.SUB\SUBCLASS\REGCHECK.PKG
ERROR: 4328 Undefined symbol in argument CSCHANGESAREABOUTTOBEMADE ON LINE: 1643 (31285) OF FILE: C:\VDF6\VDF6.SUB\SUBCLASS\REGCHECK.PKG
ERROR: 4345 Type check error CSMAKECHANGES, CSMAKECHANGES, CSMAKECH ON LINE: 1644 (31286) OF FILE: C:\VDF6\VDF6.SUB\SUBCLASS\REGCHECK.PKG
ERROR: 4328 Undefined symbol in argument CSMAKECHANGES ON LINE: 1644 (31286) OF FILE: C:\VDF6\VDF6.SUB\SUBCLASS\REGCHECK.PKG
ERROR: 4328 Undefined symbol in argument CSCHANGESAREABOUTTOBEMADE ON LINE: 1670 (31320) OF FILE: C:\VDF6\VDF6.SUB\SUBCLASS\REGCHECK.PKG
ERROR: 4345 Type check error CSMAKECHANGES, CSMAKECHANGES, CSMAKECH ON LINE: 1671 (31321) OF FILE: C:\VDF6\VDF6.SUB\SUBCLASS\REGCHECK.PKG
ERROR: 4328 Undefined symbol in argument CSMAKECHANGES ON LINE: 1671 (31321) OF FILE: C:\VDF6\VDF6.SUB\SUBCLASS\REGCHECK.PKG
ERROR: 4328 Undefined symbol in argument CSCHANGESWEREDISALLOWED ON LINE: 1690 (31346) OF FILE: C:\VDF6\VDF6.SUB\SUBCLASS\REGCHECK.PKG
ERROR: 4328 Undefined symbol in argument CSYOURNOVELLNETWARECLIENT32VERSIONIS ON LINE: 1694 (31350) OF FILE: C:\VDF6\VDF6.SUB\SUBCLASS\REGCHECK.PKG
ERROR: 4345 Type check error CSANDNEEDTOBEATLEASTVERSION, CSANDNEEDTOBEATLEASTVERSION,  ON LINE: 1696 (31353) OF FILE: C:\VDF6\VDF6.SUB\SUBCLASS\REGCHECK.PKG
ERROR: 4328 Undefined symbol in argument CSANDNEEDTOBEATLEASTVERSION ON LINE: 1696 (31353) OF FILE: C:\VDF6\VDF6.SUB\SUBCLASS\REGCHECK.PKG
ERROR: 4345 Type check error CSCONTACTYOURSYSTEMADMINISTRATOR, CSCONTACTYOURSYSTEMADMINISTRATOR, CSCONTACTYOURSYSTEMADMIN ON LINE: 1697 (31354) OF FILE: C:\VDF6\VDF6.SUB\SUBCLASS\REGCHECK.PKG
ERROR: 4328 Undefined symbol in argument CSCONTACTYOURSYSTEMADMINISTRATOR ON LINE: 1697 (31354) OF FILE: C:\VDF6\VDF6.SUB\SUBCLASS\REGCHECK.PKG
ERROR: 4328 Undefined symbol in argument CSREGISTRYCHANGESCOULDNOTBEPERFORMED ON LINE: 1703 (31360) OF FILE: C:\VDF6\VDF6.SUB\SUBCLASS\REGCHECK.PKG
ERROR: 4345 Type check error CSUSERRIGHTSISPROBABLYNOTSUFFICIENT, CSUSERRIGHTSISPROBABLYNOTSUFFICIENT, CSUSERRIGHTSISPROBABLYNOTSUFFICIENT, CSUSERRIGHTSISPROB ON LINE: 1704 (31361) OF FILE: C:\VDF6\VDF6.SUB\SUBCLASS\REGCHECK.PKG
ERROR: 4328 Undefined symbol in argument CSUSERRIGHTSISPROBABLYNOTSUFFICIENT ON LINE: 1704 (31361) OF FILE: C:\VDF6\VDF6.SUB\SUBCLASS\REGCHECK.PKG
ERROR: 4345 Type check error CSCONTACTYOURSYSTEMADMINISTRATOR, CSCONTACTYOURSYSTEMADMINISTRATOR, CSCONTACTYOURSYSTEMADMINISTRATOR, CSCONTACTYOURSYSTEMADMINISTRATOR, CSCONTACTYOURSYSTEMADMINIST ON LINE: 1705 (31362) OF FILE: C:\VDF6\VDF6.SUB\SUBCLASS\REGCHECK.PKG
ERROR: 4328 Undefined symbol in argument CSCONTACTYOURSYSTEMADMINISTRATOR ON LINE: 1705 (31362) OF FILE: C:\VDF6\VDF6.SUB\SUBCLASS\REGCHECK.PKG
ERROR: 4328 Undefined symbol in argument CSREGISTRYCHANGESHASBEENMADE ON LINE: 1709 (31367) OF FILE: C:\VDF6\VDF6.SUB\SUBCLASS\REGCHECK.PKG
ERROR: 4345 Type check error CSPLEASERESTARTTHEPROGRAM, CSPLEASERESTARTTHEPROGRAM, CSPLEASERESTARTTHEPROGRAM, CSPLEASERESTARTTHEPROGRAM, CSPLEASERESTARTTHEPROGRAM, CSPLEASERESTARTTHEPROGRAM, CSPLEASERESTARTTHEPROGRAM, C ON LINE: 1710 (31368) OF FILE: C:\VDF6\VDF6.SUB\SUBCLASS\REGCHECK.PKG
ERROR: 4328 Undefined symbol in argument CSPLEASERESTARTTHEPROGRAM ON LINE: 1710 (31368) OF FILE: C:\VDF6\VDF6.SUB\SUBCLASS\REGCHECK.PKG
ERROR: 4328 Undefined symbol in argument CSCHANGESAREABOUTTOBEMADETOYOURCONFIG ON LINE: 1746 (31383) OF FILE: C:\VDF6\VDF6.SUB\SUBCLASS\REGCHECK.PKG
ERROR: 4345 Type check error CSMAKECHANGES, CSMAKECHANGES, CSMAKECH ON LINE: 1747 (31384) OF FILE: C:\VDF6\VDF6.SUB\SUBCLASS\REGCHECK.PKG
ERROR: 4328 Undefined symbol in argument CSMAKECHANGES ON LINE: 1747 (31384) OF FILE: C:\VDF6\VDF6.SUB\SUBCLASS\REGCHECK.PKG
ERROR: 4328 Undefined symbol in argument CSCHANGESAREABOUTTOBEMADETOYOURSYSTEM ON LINE: 1768 (31402) OF FILE: C:\VDF6\VDF6.SUB\SUBCLASS\REGCHECK.PKG
ERROR: 4345 Type check error CSMAKECHANGES, CSMAKECHANGES, CSMAKECH ON LINE: 1769 (31403) OF FILE: C:\VDF6\VDF6.SUB\SUBCLASS\REGCHECK.PKG
ERROR: 4328 Undefined symbol in argument CSMAKECHANGES ON LINE: 1769 (31403) OF FILE: C:\VDF6\VDF6.SUB\SUBCLASS\REGCHECK.PKG
ERROR: 4328 Undefined symbol in argument CSCHANGESAREABOUTTOBEMADE ON LINE: 1797 (31435) OF FILE: C:\VDF6\VDF6.SUB\SUBCLASS\REGCHECK.PKG
ERROR: 4345 Type check error CSMAKECHANGES, CSMAKECHANGES, CSMAKECH ON LINE: 1798 (31436) OF FILE: C:\VDF6\VDF6.SUB\SUBCLASS\REGCHECK.PKG
ERROR: 4328 Undefined symbol in argument CSMAKECHANGES ON LINE: 1798 (31436) OF FILE: C:\VDF6\VDF6.SUB\SUBCLASS\REGCHECK.PKG
ERROR: 4328 Undefined symbol in argument CSCHANGESAREABOUTTOBEMADE ON LINE: 1825 (31467) OF FILE: C:\VDF6\VDF6.SUB\SUBCLASS\REGCHECK.PKG
ERROR: 4345 Type check error CSMAKECHANGES, CSMAKECHANGES, CSMAKECH ON LINE: 1826 (31468) OF FILE: C:\VDF6\VDF6.SUB\SUBCLASS\REGCHECK.PKG
ERROR: 4328 Undefined symbol in argument CSMAKECHANGES ON LINE: 1826 (31468) OF FILE: C:\VDF6\VDF6.SUB\SUBCLASS\REGCHECK.PKG
ERROR: 4328 Undefined symbol in argument CSCHANGESWEREDISALLOWED ON LINE: 1844 (31493) OF FILE: C:\VDF6\VDF6.SUB\SUBCLASS\REGCHECK.PKG
ERROR: 4345 Type check error CSPROGRAMWILLBETERMINATED, CSPROGRAMWILLBETERMINATED, C ON LINE: 1845 (31494) OF FILE: C:\VDF6\VDF6.SUB\SUBCLASS\REGCHECK.PKG
ERROR: 4328 Undefined symbol in argument CSPROGRAMWILLBETERMINATED ON LINE: 1845 (31494) OF FILE: C:\VDF6\VDF6.SUB\SUBCLASS\REGCHECK.PKG
ERROR: 4328 Undefined symbol in argument CSCONFIGSYSCOULDNOTBEOPENED ON LINE: 1851 (31499) OF FILE: C:\VDF6\VDF6.SUB\SUBCLASS\REGCHECK.PKG
ERROR: 4345 Type check error CSCONTACTYOURSYSTEMADMINISTRATOR, CSCONTACTYOURSYSTEMADMINISTRATOR, CSCONTACTYOURSYSTEMAD ON LINE: 1852 (31500) OF FILE: C:\VDF6\VDF6.SUB\SUBCLASS\REGCHECK.PKG
ERROR: 4328 Undefined symbol in argument CSCONTACTYOURSYSTEMADMINISTRATOR ON LINE: 1852 (31500) OF FILE: C:\VDF6\VDF6.SUB\SUBCLASS\REGCHECK.PKG
ERROR: 4328 Undefined symbol in argument CSIMPORTANTCHANGESHAVEBEENMADETOYOURCONFIG ON LINE: 1858 (31505) OF FILE: C:\VDF6\VDF6.SUB\SUBCLASS\REGCHECK.PKG
ERROR: 4328 Undefined symbol in argument CSSYSTEMINICOULDNOTBEOPENED ON LINE: 1864 (31510) OF FILE: C:\VDF6\VDF6.SUB\SUBCLASS\REGCHECK.PKG
ERROR: 4345 Type check error CSCONTACTYOURSYSTEMADMINISTRATOR, CSCONTACTYOURSYSTEMADMINISTRATOR, CSCONTACTYOURSYSTEMADMINISTRATOR, CSCONTACTYOURSYSTEMAD ON LINE: 1865 (31511) OF FILE: C:\VDF6\VDF6.SUB\SUBCLASS\REGCHECK.PKG
ERROR: 4328 Undefined symbol in argument CSCONTACTYOURSYSTEMADMINISTRATOR ON LINE: 1865 (31511) OF FILE: C:\VDF6\VDF6.SUB\SUBCLASS\REGCHECK.PKG
ERROR: 4328 Undefined symbol in argument CSIMPORTANTCHANGESHAVEBEENMADETOYOURSYSTEM ON LINE: 1871 (31517) OF FILE: C:\VDF6\VDF6.SUB\SUBCLASS\REGCHECK.PKG
ERROR: 4328 Undefined symbol in argument CSCHANGESWEREDISALLOWED ON LINE: 1877 (31523) OF FILE: C:\VDF6\VDF6.SUB\SUBCLASS\REGCHECK.PKG
ERROR: 4345 Type check error CSPROGRAMWILLBETERMINATED, CSPROGRAMWILLBETERMINATED, CSPR ON LINE: 1878 (31524) OF FILE: C:\VDF6\VDF6.SUB\SUBCLASS\REGCHECK.PKG
ERROR: 4328 Undefined symbol in argument CSPROGRAMWILLBETERMINATED ON LINE: 1878 (31524) OF FILE: C:\VDF6\VDF6.SUB\SUBCLASS\REGCHECK.PKG
ERROR: 4328 Undefined symbol in argument CSPROGRAMFAILEDTOLOCATEVREDIR ON LINE: 1884 (31529) OF FILE: C:\VDF6\VDF6.SUB\SUBCLASS\REGCHECK.PKG
ERROR: 4345 Type check error CSTHISPROGRAMWILLNOTRUNPROPERLYWITHOUTIT, CSTHISPROGRAMWILLNOTRUNPROPERLYWITHOUTIT, CSTHISPROGRAMWIL ON LINE: 1885 (31530) OF FILE: C:\VDF6\VDF6.SUB\SUBCLASS\REGCHECK.PKG
ERROR: 4328 Undefined symbol in argument CSTHISPROGRAMWILLNOTRUNPROPERLYWITHOUTIT ON LINE: 1885 (31530) OF FILE: C:\VDF6\VDF6.SUB\SUBCLASS\REGCHECK.PKG
ERROR: 4345 Type check error CSPROGRAMWILLBETERMINATED, CSPROGRAMWILLBETERMINATED, CSPROGRAMWILLBETERMINATED, CSPROGRAMWILLBETERMINATED, CSPROGRAMWILLBETERM ON LINE: 1886 (31531) OF FILE: C:\VDF6\VDF6.SUB\SUBCLASS\REGCHECK.PKG
ERROR: 4328 Undefined symbol in argument CSPROGRAMWILLBETERMINATED ON LINE: 1886 (31531) OF FILE: C:\VDF6\VDF6.SUB\SUBCLASS\REGCHECK.PKG
ERROR: 4328 Undefined symbol in argument CSREGISTRYCHANGESCOULDNOTBEPERFORMED ON LINE: 1893 (31538) OF FILE: C:\VDF6\VDF6.SUB\SUBCLASS\REGCHECK.PKG
ERROR: 4345 Type check error CSUSERRIGHTSISPROBABLYNOTSUFFICIENT, CSUSERRIGHTSISPROBABLYNOTSUFFICIENT,  ON LINE: 1894 (31539) OF FILE: C:\VDF6\VDF6.SUB\SUBCLASS\REGCHECK.PKG
ERROR: 4328 Undefined symbol in argument CSUSERRIGHTSISPROBABLYNOTSUFFICIENT ON LINE: 1894 (31539) OF FILE: C:\VDF6\VDF6.SUB\SUBCLASS\REGCHECK.PKG
ERROR: 4345 Type check error CSCONTACTYOURSYSTEMADMINISTRATOR, CSCONTACTYOURSYSTEMADMINISTRATOR, CSCONTACTYOURSYSTEMADMINISTRATOR, CSCONT ON LINE: 1895 (31540) OF FILE: C:\VDF6\VDF6.SUB\SUBCLASS\REGCHECK.PKG
ERROR: 4328 Undefined symbol in argument CSCONTACTYOURSYSTEMADMINISTRATOR ON LINE: 1895 (31540) OF FILE: C:\VDF6\VDF6.SUB\SUBCLASS\REGCHECK.PKG
ERROR: 4328 Undefined symbol in argument CSREGISTRYCHANGESHASBEENMADE ON LINE: 1898 (31544) OF FILE: C:\VDF6\VDF6.SUB\SUBCLASS\REGCHECK.PKG
ERROR: 52 Bad format of expression (operator)  ON LINE: 1898 (31544) OF FILE: C:\VDF6\VDF6.SUB\SUBCLASS\REGCHECK.PKG
ERROR: 4121 Operation aborted  ON LINE: 1898 (31544) OF FILE: C:\VDF6\VDF6.SUB\SUBCLASS\REGCHECK.PKG
