======================================================
DFrepair 1.0
 The following options are in use for this session:
  LogFile      : VDFRepair.log.
  Verbose      : ON.
  Repair       : ON.
  Cleanup      : OFF.
  Bare         : OFF.
  Reclaim      : OFF.
  Condense     : OFF.
 Index options:
  BadDataFlag  : FIXUP.
  DupDataFlag  : FILE.
  MaxSortBuffer: NOT SET.
======================================================

**********************************************************************
\\Yannis piii800\c_yannis\VDF6\Develop\Empor\AppSrc\Abdata.dat
Analyzing...
                                 Reported -   Analyzed
======================================================
Total record (used + deleted):        466 -        466
Number of used records       :        466 -        466
Number of deleted records    :          0 -          0
Physical size                :     122624 -     122624

Attributes of interest
======================================================
DF_FILE_RECORD_LENGTH  : 256
DF_FILE_REUSE_DELETED  : 1
DF_FILE_REVISION       : 3.0
DF_FILE_INTEGRITY_CHECK: 1
DF_FILE_COMPRESSION    : 0
======================================================
Time spend on table \\Yannis piii800\c_yannis\VDF6\Develop\Empor\AppSrc\Abdata.dat: 00:00:02.
======================================================
Summary information
  Logged to VDFRepair.log
  Total files tested        : 1
  Total files needing repair: 0
  Total files repaired      : 0
======================================================
