////////////////////////////////////////////////////////////
Starting conversion at 18:25 on 07/04/2003
////////////////////////////////////////////////////////////


------------------------------------------------------------
Converting file: 6, Cmoves to ODBC
Unable to open: 6, Cmoves. Cannot convert to ODBC.
////////////////////////////////////////////////////////////
Finished conversion at 18:25 on 07/04/2003
////////////////////////////////////////////////////////////
////////////////////////////////////////////////////////////
Starting conversion at 18:25 on 07/04/2003
////////////////////////////////////////////////////////////


------------------------------------------------------------
Converting file: 6, Cmoves to ODBC
Start time: 18:25:21
Copy structure
Add DFRECNUM column.
Add DFRECNUM index.
Scanning indexes
No indexes were found that contain RECNUM
Creating new table.
Creating index SQL_DRV:CMOVES001.
Creating index SQL_DRV:CMOVES002.
Creating index SQL_DRV:CMOVES003.
Creating index SQL_DRV:CMOVES004.
Creating index SQL_DRV:CMOVES005.
Creating index SQL_DRV:CMOVES006.
Creating index SQL_DRV:CMOVES007.
Creating index SQL_DRV:CMOVES008.
Creating index SQL_DRV:CMOVES009.
Creating index SQL_DRV:CMOVES010.
Creating index SQL_DRV:CMOVES011.
Creating index SQL_DRV:CMOVES012.
Creating index SQL_DRV:CMOVES013.
Creating index SQL_DRV:CMOVES014.
Creating index SQL_DRV:CMOVES015.
Creating index SQL_DRV:CMOVES016.
Creating intermediate file.
Unable to end structure during conversion.
////////////////////////////////////////////////////////////
Finished conversion at 18:25 on 07/04/2003
////////////////////////////////////////////////////////////
