======================================================================
ST Synchronizer v2 Copyright 2001 by System Technologies
Workspace: Empor
======================================================================
Start 08/04/2003 18:51:50
======================================================================
1    COMPANY   No action
2    BRANCH    Updating
               Updating header
               Field LOCKED_UNTIL creating
               Field LOCKED_UNTIL updating
               
3    YEAR      No action
4    SYSFILE   Updating
               Updating header
               Field ONLINE_LOGIST creating
               Field BATCH_LOGIST creating
               Field ONLINE_LOGIST updating
               Field BATCH_LOGIST updating
               
5    SYSRECB   No action
6    CMOVES    No action
7    CTYPKIN   No action
8    CFLAGKIN  No action
9    COPEN     No action
10   PTYPMET   No action
11   PTYPPARL  No action
12   PTYPPAR   No action
13   PSEIRA    No action
14   PARTICLE  No action
15   WAM       Updating
               Updating header
               Field WITEMX_RECR updating
               Index 4 creating
               
16   WAX       No action
17   WITEMX    No action
18   PMOVES    No action
19   WFLAGKIN  No action
20   PMSDTL    No action
21   PTYPPARH  Updating
               Updating header
               Index 3 creating
               
22   WAPOKAT   No action
23   WAPOMAST  No action
24   WITEMKAT  No action
25   UNITS     No action
26   ITEM      No action
27   CMOVESA   No action
28   SYSSET    No action
29   WTYPKIN   No action
30   BKINKATH  No action
31   BTYPKIN   No action
32   BFLAGKIN  No action
33   BKINKAT   No action
34   BAXIOKAT  No action
35   BSUM      No action
36   BARTICL   No action
37   BAXIO     Updating
               Updating header
               Field BAXIO_EPON_IN updating
               Field BAXIO_EPON_OUT updating
               Field BAXIO_NO updating
               Index 9 creating
               Index 10 creating
               Index 11 creating
               
38   SYSCURXR  No action
39   WITEMCLD  No action
40   PMSSXET   No action
41   CN        No action
42   MESSAGES  No action
43   PARTICLL  No action
44   BMOVE     Updating
               Updating header
               Index 8 creating
               
45   WCMOVES   No action
46   ITEML     No action
47   ITEMD     No action
48   PSXETIKA  No action
49   TRANSLAT  No action
51   DORDERH   No action
52   DRIVERS   No action
53   PUMPS     No action
54   CARS      No action
55   MHXANIK   No action
56   CLNBANK   No action
57   TOWNS     No action
58   COUNTRY   No action
59   NOMISMA   No action
60   ISOTIMIA  No action
61   DORDERD   No action
62   HMERPROG  No action
63   TIMOKAT   No action
64   ZONES     No action
65   BRZONES   No action
66   CNZONES   No action
67   PRSPBANK  No action
68   TPCLIENT  No action
69   TPERGA    No action
70   TPARTICL  No action
71   TPPRESP   No action
72   TPBRANCH  No action
73   TMPPMV    No action
74   TMPSEL    No action
75   CMOVESA2  No action
76   FYPAL     No action
80   PAGKAT    No action
81   PAGKIN    No action
82   PAGKINMV  No action
83   PAGIA     No action
84   PAGMOVES  No action
85   TMPPAGIA  No action
91   YCLIENTS  No action
92   YPOPROSF  No action
93   CAMOVEDD  No action
94   ORDER1    No action
95   ORDERSD   No action
96   CLORDER   No action
97   CLORDERD  No action
99   CLITEM    No action
100  CLIENTS   Updating
               Updating header
               Field PRESP_ID updating
               Index 9 creating
               
101  HMGIO     No action
102  HMCTYP    No action
103  PARTLFPA  No action
104  FPA       No action
105  HMGIOW    No action
106  HMWTYP    No action
108  SALESMEN  No action
109  CONSTRCT  No action
111  PAYRESP   No action
150  GPLAN     No action
151  GTYPKIN   No action
152  SYSRECG   Updating
               Field PAGKAT_REC0 updating
               Field PAGKIN_REC0 updating
               Field PAGKINMV_REC0 updating
               Field PAGMOVES_NO updating
               Field PAGMOVES_REC0 updating
               
153  SYSCURGL  No action
155  GTHHMGIO  No action
156  GARTICL   No action
157  GMOVE     No action
158  GMHNES    No action
159  GHMNIES   No action
160  GFLAGKIN  No action
161  GFORMAT   No action
162  GTHAA     No action
163  GPARTICL  No action
164  GPMOVES   No action
165  GPLANMOD  No action
166  GMOVEA    No action
167  GOPEN     No action
168  GBRIDGEH  No action
169  GBRIDGED  No action
170  GVATH     No action
171  GVATD     No action
173  CURRENCY  No action
174  RATES     No action
175  TMPLG     No action
182  WITEMXTR  No action
183  WITEMXTD  No action
184  WITEMXED  No action
185  WITEMXEN  No action
186  WITEMCL   No action
187  BTMP      No action
188  PMOVESL   No action
189  WITEMXT   No action
190  BTNEMP    No action
193  BTNORDH   No action
194  BTNORDD   No action
195  BTTEMP    No action
197  AREAS     No action
198  CITIES    No action
199  BTTMP1    No action
200  TEMPITEM  No action
201  SYSRECB   No action
202  SYSRECW   No action
203  SYSRECC   No action
204  SYSRECP   No action
205  SYSREP    Updating
               Updating header
               Field TITAN creating
               Field DESCR1 creating
               Field TITAN updating
               Field DESCR1 updating
               
206  TMPB001   No action
207  CODETYPE  No action
208  CODEMAST  No action
209  SYSREC    No action
210  TYPEGL    No action
211  MASTGL    No action
235  DEPARTM   No action
236  OTH       No action
237  GRPOTH0   No action
238  VIEWFLDS  No action
239  GRPOTH    No action
240  GRPPED0   No action
241  GRPVIEW0  No action
242  PEDIA     No action
243  GRPPEDIA  No action
244  GRPARX    No action
245  ARXEIA    No action
246  VIEWS     No action
247  GRPVIEWS  No action
248  GRPARX0   No action
249  USERGRPS  No action
250  USERS     No action
======================================================================
Stopp 08/04/2003 18:52:17
======================================================================
Duration 00:00:27
Files    9
Fields   15
Indexes  7
Renames  0
Values   0 (0 instances)
======================================================================
